TN:
SF:src\App.jsx
FN:23,App
FNF:1
FNH:1
FNDA:2,App
DA:1,1
DA:2,1
DA:3,1
DA:4,1
DA:5,1
DA:6,1
DA:7,1
DA:8,1
DA:9,1
DA:10,1
DA:11,1
DA:12,1
DA:13,1
DA:14,1
DA:15,1
DA:16,1
DA:17,1
DA:18,1
DA:19,1
DA:20,1
DA:21,1
DA:22,1
DA:23,2
DA:24,2
DA:25,2
DA:26,2
DA:27,1
DA:28,1
DA:29,1
DA:30,1
DA:31,2
DA:32,2
DA:33,2
DA:34,2
DA:35,2
DA:36,2
DA:37,2
DA:38,2
DA:39,2
DA:40,2
DA:41,2
DA:42,2
DA:43,2
DA:44,2
DA:45,2
DA:46,2
DA:47,2
DA:48,2
DA:49,2
DA:50,2
DA:51,2
LF:51
LH:51
BRDA:23,0,0,2
BRDA:26,1,0,1
BRF:2
BRH:2
end_of_record
TN:
SF:src\main.jsx
FNF:0
FNH:0
DA:1,1
DA:2,1
DA:3,1
DA:4,1
DA:5,1
DA:6,1
DA:7,1
DA:8,1
DA:9,1
DA:10,1
DA:11,1
DA:12,1
DA:13,1
DA:14,1
DA:15,1
DA:16,1
DA:17,1
LF:17
LH:17
BRF:0
BRH:0
end_of_record
TN:
SF:src\api\axios.js
FN:13,api.interceptors.response.use.globalThis.location.href
FNF:1
FNH:0
FNDA:0,api.interceptors.response.use.globalThis.location.href
DA:1,1
DA:2,1
DA:3,1
DA:4,1
DA:5,1
DA:6,1
DA:7,1
DA:8,1
DA:9,1
DA:10,1
DA:11,1
DA:12,1
DA:13,1
DA:14,1
DA:15,0
DA:16,0
DA:17,0
DA:18,0
DA:19,0
DA:20,0
DA:21,0
DA:22,0
DA:23,1
DA:24,1
DA:25,1
LF:25
LH:17
BRF:0
BRH:0
end_of_record
TN:
SF:src\components\AdminRoute.jsx
FN:5,AdminRoute
FNF:1
FNH:1
FNDA:2,AdminRoute
DA:1,1
DA:2,1
DA:3,1
DA:4,1
DA:5,2
DA:6,2
DA:7,2
DA:8,2
DA:9,2
DA:10,1
DA:11,1
DA:12,1
DA:13,1
DA:14,1
DA:15,1
LF:15
LH:15
BRDA:5,0,0,2
BRDA:7,1,0,0
BRDA:8,2,0,0
BRDA:9,3,0,1
BRF:4
BRH:2
end_of_record
TN:
SF:src\components\ConfirmModal.jsx
FN:3,ConfirmModal
FNF:1
FNH:1
FNDA:1,ConfirmModal
DA:1,1
DA:2,1
DA:3,1
DA:4,1
DA:5,1
DA:6,1
DA:7,1
DA:8,1
DA:9,1
DA:10,1
DA:11,1
DA:12,1
DA:13,1
DA:14,1
DA:15,1
DA:16,1
DA:17,1
DA:18,1
DA:19,1
DA:20,1
DA:21,1
DA:22,1
DA:23,1
DA:24,1
DA:25,1
DA:26,1
DA:27,1
DA:28,1
DA:29,1
DA:30,1
DA:31,1
DA:32,1
DA:33,1
DA:34,1
DA:35,1
LF:35
LH:35
BRDA:3,0,0,1
BRDA:4,1,0,0
BRDA:11,2,0,0
BRDA:15,3,0,0
BRF:4
BRH:1
end_of_record
TN:
SF:src\components\FileUploadZone.jsx
FN:5,FileUploadZone
FNF:1
FNH:1
FNDA:3,FileUploadZone
DA:1,1
DA:2,1
DA:3,1
DA:4,1
DA:5,3
DA:6,3
DA:7,1
DA:8,3
DA:9,3
DA:10,3
DA:11,3
DA:12,3
DA:13,3
DA:14,3
DA:15,3
DA:16,3
DA:17,3
DA:18,3
DA:19,3
DA:20,1
DA:21,1
DA:22,1
DA:23,1
DA:24,1
DA:25,1
DA:26,1
DA:27,1
DA:28,1
DA:29,1
DA:30,1
DA:31,3
DA:32,1
DA:33,1
DA:34,1
DA:35,1
DA:36,1
DA:37,1
DA:38,1
DA:39,1
DA:40,1
DA:41,1
DA:42,1
DA:43,1
DA:44,1
DA:45,1
DA:46,1
DA:47,1
DA:48,3
DA:49,3
DA:50,3
DA:51,3
DA:52,3
DA:53,3
DA:54,3
DA:55,3
DA:56,1
DA:57,1
DA:58,1
DA:59,1
DA:60,1
DA:61,1
LF:61
LH:61
BRDA:5,0,0,3
BRDA:19,1,0,1
BRDA:31,2,0,2
BRDA:31,3,0,1
BRDA:50,4,0,1
BRDA:50,5,0,2
BRDA:6,6,0,1
BRF:7
BRH:7
end_of_record
TN:
SF:src\components\FlashMessage.jsx
FN:5,FlashMessage
FN:27,onClick
FNF:2
FNH:2
FNDA:1,FlashMessage
FNDA:1,onClick
DA:1,1
DA:2,1
DA:3,1
DA:4,1
DA:5,1
DA:6,1
DA:7,1
DA:8,1
DA:9,1
DA:10,1
DA:11,1
DA:12,1
DA:13,1
DA:14,1
DA:15,1
DA:16,1
DA:17,1
DA:18,1
DA:19,1
DA:20,1
DA:21,1
DA:22,1
DA:23,1
DA:24,1
DA:25,1
DA:26,1
DA:27,1
DA:28,1
DA:29,1
DA:30,1
DA:31,1
DA:32,1
DA:33,1
DA:34,1
DA:35,1
DA:36,1
DA:37,1
DA:38,1
LF:38
LH:38
BRDA:5,0,0,1
BRDA:26,1,0,0
BRDA:8,2,0,1
BRDA:27,3,0,1
BRF:4
BRH:3
end_of_record
TN:
SF:src\components\Footer.jsx
FN:4,Footer
FNF:1
FNH:1
FNDA:1,Footer
DA:1,1
DA:2,1
DA:3,1
DA:4,1
DA:5,1
DA:6,1
DA:7,1
DA:8,1
DA:9,1
DA:10,1
DA:11,1
DA:12,1
DA:13,1
DA:14,1
DA:15,1
DA:16,1
DA:17,0
DA:18,0
DA:19,0
DA:20,0
DA:21,0
DA:22,1
DA:23,1
DA:24,1
DA:25,1
DA:26,1
DA:27,1
DA:28,1
DA:29,1
DA:30,1
DA:31,1
DA:32,1
DA:33,1
DA:34,1
DA:35,1
DA:36,1
DA:37,1
DA:38,1
DA:39,1
DA:40,1
DA:41,1
DA:42,1
DA:43,1
DA:44,1
DA:45,1
DA:46,1
DA:47,1
LF:47
LH:42
BRDA:4,0,0,1
BRDA:6,1,0,0
BRDA:11,2,0,0
BRDA:14,3,0,0
BRDA:16,4,0,0
BRF:5
BRH:1
end_of_record
TN:
SF:src\components\LoadingSpinner.jsx
FN:3,LoadingSpinner
FNF:1
FNH:1
FNDA:2,LoadingSpinner
DA:1,1
DA:2,1
DA:3,2
DA:4,2
DA:5,1
DA:6,1
DA:7,1
DA:8,1
DA:9,1
DA:10,1
DA:11,1
DA:12,1
DA:13,1
DA:14,1
DA:15,1
DA:16,1
DA:17,1
DA:18,1
DA:19,1
DA:20,1
DA:21,1
DA:22,1
DA:23,1
DA:24,1
DA:25,1
DA:26,1
DA:27,1
DA:28,1
LF:28
LH:28
BRDA:3,0,0,2
BRDA:4,1,0,1
BRF:2
BRH:2
end_of_record
TN:
SF:src\components\Navbar.jsx
FN:6,Navbar
FN:20,handleLogout
FN:25,isActive
FNF:3
FNH:3
FNDA:2,Navbar
FNDA:1,handleLogout
FNDA:5,isActive
DA:1,1
DA:2,1
DA:3,1
DA:4,1
DA:5,1
DA:6,2
DA:7,2
DA:8,2
DA:9,2
DA:10,2
DA:11,2
DA:12,2
DA:13,2
DA:14,1
DA:15,1
DA:16,1
DA:17,1
DA:18,2
DA:19,2
DA:20,2
DA:21,1
DA:22,1
DA:23,1
DA:24,2
DA:25,2
DA:26,5
DA:27,4
DA:28,5
DA:29,2
DA:30,2
DA:31,1
DA:32,1
DA:33,1
DA:34,1
DA:35,1
DA:36,1
DA:37,1
DA:38,1
DA:39,1
DA:40,1
DA:41,1
DA:42,1
DA:43,1
DA:44,1
DA:45,1
DA:46,1
DA:47,1
DA:48,1
DA:49,1
DA:50,1
DA:51,1
DA:52,1
DA:53,1
DA:54,1
DA:55,1
DA:56,1
DA:57,1
DA:58,1
DA:59,2
DA:60,2
DA:61,2
DA:62,2
DA:63,2
DA:64,2
DA:65,2
DA:66,2
DA:67,2
DA:68,2
DA:69,2
DA:70,2
DA:71,2
DA:72,2
DA:73,2
DA:74,2
DA:75,2
DA:76,2
DA:77,2
DA:78,2
DA:79,2
DA:80,2
DA:81,2
DA:82,2
DA:83,2
DA:84,2
DA:85,2
DA:86,1
DA:87,2
DA:88,2
DA:89,2
DA:90,2
DA:91,2
DA:92,2
DA:93,2
DA:94,2
DA:95,2
DA:96,2
DA:97,2
DA:98,2
DA:99,2
DA:100,1
DA:101,2
DA:102,2
DA:103,2
DA:104,2
DA:105,2
DA:106,2
DA:107,2
DA:108,2
DA:109,2
DA:110,2
DA:111,2
DA:112,2
LF:112
LH:112
BRDA:6,0,0,2
BRDA:30,1,0,1
BRDA:59,2,0,0
BRDA:64,3,0,0
BRDA:64,4,0,1
BRDA:69,5,0,0
BRDA:69,6,0,1
BRDA:78,7,0,0
BRDA:78,8,0,1
BRDA:83,9,0,0
BRDA:83,10,0,1
BRDA:85,11,0,1
BRDA:99,12,0,1
BRDA:12,13,0,2
BRDA:13,14,0,1
BRDA:14,15,0,1
BRDA:20,16,0,1
BRDA:25,17,0,5
BRDA:26,18,0,1
BRDA:26,19,0,4
BRF:20
BRH:15
end_of_record
TN:
SF:src\components\ProtectedRoute.jsx
FN:5,ProtectedRoute
FNF:1
FNH:1
FNDA:2,ProtectedRoute
DA:1,1
DA:2,1
DA:3,1
DA:4,1
DA:5,2
DA:6,2
DA:7,2
DA:8,2
DA:9,1
DA:10,1
DA:11,1
DA:12,1
DA:13,1
DA:14,1
LF:14
LH:14
BRDA:5,0,0,2
BRDA:7,1,0,0
BRDA:8,2,0,1
BRF:3
BRH:2
end_of_record
TN:
SF:src\components\StatusBadge.jsx
FN:3,StatusBadge
FNF:1
FNH:1
FNDA:1,StatusBadge
DA:1,1
DA:2,1
DA:3,1
DA:4,1
DA:5,1
DA:6,1
DA:7,1
DA:8,1
DA:9,1
LF:9
LH:9
BRDA:3,0,0,1
BRF:1
BRH:1
end_of_record
TN:
SF:src\context\AuthContext.jsx
FN:7,AuthProvider
FN:32,login
FN:41,register
FN:50,logout
FN:57,microsoftLogin
FNF:5
FNH:5
FNDA:1,AuthProvider
FNDA:1,login
FNDA:1,register
FNDA:1,logout
FNDA:1,microsoftLogin
DA:1,1
DA:2,1
DA:3,1
DA:4,1
DA:5,1
DA:6,1
DA:7,1
DA:8,1
DA:9,1
DA:10,1
DA:11,1
DA:12,1
DA:13,1
DA:14,1
DA:15,1
DA:16,1
DA:17,1
DA:18,2
DA:19,2
DA:20,2
DA:21,2
DA:22,0
DA:23,2
DA:24,2
DA:25,2
DA:26,1
DA:27,1
DA:28,1
DA:29,1
DA:30,1
DA:31,1
DA:32,1
DA:33,1
DA:34,1
DA:35,0
DA:36,0
DA:37,0
DA:38,1
DA:39,1
DA:40,1
DA:41,1
DA:42,1
DA:43,1
DA:44,0
DA:45,0
DA:46,0
DA:47,1
DA:48,1
DA:49,1
DA:50,1
DA:51,1
DA:52,1
DA:53,1
DA:54,1
DA:55,1
DA:56,1
DA:57,1
DA:58,1
DA:59,1
DA:60,1
DA:61,1
DA:62,1
DA:63,1
DA:64,1
DA:65,1
DA:66,1
DA:67,1
DA:68,1
DA:69,1
DA:70,1
DA:71,1
DA:72,1
DA:73,1
DA:74,1
DA:75,1
DA:76,1
DA:77,1
DA:78,1
DA:79,1
DA:80,1
DA:81,1
DA:82,1
DA:83,1
LF:83
LH:76
BRDA:7,0,0,1
BRDA:12,1,0,1
BRDA:17,2,0,2
BRDA:21,3,0,0
BRDA:28,4,0,1
BRDA:32,5,0,1
BRDA:34,6,0,0
BRDA:41,7,0,1
BRDA:43,8,0,0
BRDA:50,9,0,1
BRDA:53,10,0,0
BRDA:57,11,0,1
BRDA:62,12,0,1
BRF:13
BRH:9
end_of_record
TN:
SF:src\hooks\useAuth.js
FN:4,useAuth
FNF:1
FNH:1
FNDA:15,useAuth
DA:1,1
DA:2,1
DA:3,1
DA:4,1
DA:5,15
DA:6,15
DA:7,1
DA:8,1
DA:9,14
DA:10,14
LF:10
LH:10
BRDA:4,0,0,15
BRDA:6,1,0,1
BRDA:9,2,0,14
BRF:3
BRH:3
end_of_record
TN:
SF:src\pages\Admin.jsx
FN:8,Admin
FN:15,fetchAll
FN:28,toggleUser
FN:69,onClick
FNF:4
FNH:4
FNDA:1,Admin
FNDA:1,fetchAll
FNDA:1,toggleUser
FNDA:1,onClick
DA:1,1
DA:2,1
DA:3,1
DA:4,1
DA:5,1
DA:6,1
DA:7,1
DA:8,1
DA:9,1
DA:10,1
DA:11,1
DA:12,1
DA:13,1
DA:14,1
DA:15,1
DA:16,1
DA:17,1
DA:18,1
DA:19,1
DA:20,1
DA:21,1
DA:22,1
DA:23,1
DA:24,1
DA:25,1
DA:26,1
DA:27,1
DA:28,1
DA:29,1
DA:30,1
DA:31,1
DA:32,1
DA:33,1
DA:34,1
DA:35,1
DA:36,1
DA:37,1
DA:38,1
DA:39,1
DA:40,1
DA:41,1
DA:42,1
DA:43,1
DA:44,1
DA:45,1
DA:46,1
DA:47,1
DA:48,1
DA:49,1
DA:50,1
DA:51,1
DA:52,4
DA:53,4
DA:54,4
DA:55,1
DA:56,1
DA:57,1
DA:58,1
DA:59,1
DA:60,1
DA:61,1
DA:62,1
DA:63,1
DA:64,1
DA:65,1
DA:66,1
DA:67,1
DA:68,1
DA:69,1
DA:70,1
DA:71,1
DA:72,1
DA:73,1
DA:74,1
DA:75,1
DA:76,1
DA:77,1
DA:78,1
DA:79,1
DA:80,1
DA:81,1
DA:82,1
DA:83,1
DA:84,1
DA:85,1
DA:86,1
DA:87,1
DA:88,1
DA:89,1
DA:90,1
DA:91,1
DA:92,1
DA:93,1
DA:94,1
DA:95,1
LF:95
LH:95
BRDA:8,0,0,1
BRDA:35,1,0,0
BRDA:14,2,0,1
BRDA:15,3,0,1
BRDA:23,4,0,0
BRDA:28,5,0,1
BRDA:32,6,0,0
BRDA:51,7,0,4
BRDA:53,8,0,2
BRDA:62,9,0,1
BRDA:66,10,0,0
BRDA:67,11,0,0
BRDA:68,12,0,0
BRDA:68,13,0,0
BRDA:69,14,0,0
BRDA:69,15,0,0
BRDA:69,16,0,0
BRDA:69,17,0,1
BRDA:79,18,0,1
BRDA:81,19,0,0
BRDA:85,20,0,0
BRF:21
BRH:9
end_of_record
TN:
SF:src\pages\Dashboard.jsx
FN:10,Dashboard
FN:18,fetchData
FNF:2
FNH:2
FNDA:2,Dashboard
FNDA:2,fetchData
DA:1,1
DA:2,1
DA:3,1
DA:4,1
DA:5,1
DA:6,1
DA:7,1
DA:8,1
DA:9,1
DA:10,2
DA:11,2
DA:12,2
DA:13,2
DA:14,2
DA:15,2
DA:16,2
DA:17,2
DA:18,2
DA:19,2
DA:20,2
DA:21,2
DA:22,2
DA:23,2
DA:24,2
DA:25,2
DA:26,2
DA:27,2
DA:28,2
DA:29,2
DA:30,2
DA:31,2
DA:32,2
DA:33,2
DA:34,2
DA:35,2
DA:36,2
DA:37,2
DA:38,0
DA:39,2
DA:40,2
DA:41,2
DA:42,2
DA:43,2
DA:44,2
DA:45,2
DA:46,2
DA:47,1
DA:48,1
DA:49,1
DA:50,1
DA:51,1
DA:52,1
DA:53,1
DA:54,2
DA:55,2
DA:56,2
DA:57,2
DA:58,2
DA:59,2
DA:60,2
DA:61,2
DA:62,2
DA:63,2
DA:64,2
DA:65,2
DA:66,4
DA:67,4
DA:68,4
DA:69,4
DA:70,4
DA:71,4
DA:72,4
DA:73,4
DA:74,2
DA:75,2
DA:76,2
DA:77,2
DA:78,2
DA:79,2
DA:80,2
DA:81,2
DA:82,2
DA:83,2
DA:84,2
DA:85,2
DA:86,2
DA:87,2
DA:88,2
DA:89,2
DA:90,2
DA:91,2
DA:92,2
DA:93,2
DA:94,2
DA:95,2
DA:96,2
DA:97,2
DA:98,1
DA:99,1
DA:100,1
DA:101,1
DA:102,1
DA:103,1
DA:104,1
DA:105,1
DA:106,1
DA:107,0
DA:108,0
DA:109,0
DA:110,0
DA:111,0
DA:112,0
DA:113,2
DA:114,2
DA:115,2
DA:116,2
DA:117,2
DA:118,2
DA:119,2
DA:120,2
DA:121,2
DA:122,2
DA:123,2
DA:124,2
DA:125,2
DA:126,2
DA:127,0
DA:128,0
DA:129,0
DA:130,0
DA:131,0
DA:132,0
DA:133,0
DA:134,0
DA:135,0
DA:136,0
DA:137,0
DA:138,0
DA:139,0
DA:140,0
DA:141,0
DA:142,1
DA:143,1
DA:144,1
DA:145,1
DA:146,1
DA:147,1
DA:148,2
DA:149,2
DA:150,2
DA:151,2
DA:152,2
DA:153,2
DA:154,2
DA:155,2
DA:156,2
DA:157,2
LF:157
LH:135
BRDA:10,0,0,2
BRDA:46,1,0,1
BRDA:61,2,0,1
BRDA:61,3,0,0
BRDA:62,4,0,1
BRDA:62,5,0,0
BRDA:63,6,0,1
BRDA:63,7,0,0
BRDA:64,8,0,1
BRDA:64,9,0,0
BRDA:97,10,0,1
BRDA:100,11,0,0
BRDA:100,12,0,0
BRDA:100,13,0,0
BRDA:106,14,0,0
BRDA:126,15,0,0
BRDA:141,16,0,1
BRDA:17,17,0,2
BRDA:18,18,0,2
BRDA:25,19,0,1
BRDA:25,20,0,1
BRDA:26,21,0,0
BRDA:32,22,0,0
BRDA:36,23,0,0
BRDA:37,24,0,0
BRDA:65,25,0,4
BRF:26
BRH:13
end_of_record
TN:
SF:src\pages\DietPlanGenerate.jsx
FN:7,getRiskBadgeColor
FN:13,DietPlanGenerate
FN:24,fetchData
FN:41,toggleDoc
FN:45,handleGenerate
FN:73,onChange
FN:95,onChange
FNF:7
FNH:4
FNDA:0,getRiskBadgeColor
FNDA:1,DietPlanGenerate
FNDA:1,fetchData
FNDA:0,toggleDoc
FNDA:1,handleGenerate
FNDA:0,onChange
FNDA:1,onChange
DA:1,1
DA:2,1
DA:3,1
DA:4,1
DA:5,1
DA:6,1
DA:7,1
DA:8,0
DA:9,0
DA:10,0
DA:11,0
DA:12,1
DA:13,1
DA:14,1
DA:15,1
DA:16,1
DA:17,1
DA:18,1
DA:19,1
DA:20,1
DA:21,1
DA:22,1
DA:23,1
DA:24,1
DA:25,1
DA:26,1
DA:27,1
DA:28,1
DA:29,1
DA:30,1
DA:31,1
DA:32,1
DA:33,0
DA:34,1
DA:35,1
DA:36,1
DA:37,1
DA:38,1
DA:39,1
DA:40,1
DA:41,1
DA:42,0
DA:43,0
DA:44,1
DA:45,1
DA:46,1
DA:47,1
DA:48,1
DA:49,1
DA:50,1
DA:51,1
DA:52,0
DA:53,1
DA:54,1
DA:55,1
DA:56,1
DA:57,1
DA:58,1
DA:59,1
DA:60,1
DA:61,1
DA:62,1
DA:63,1
DA:64,1
DA:65,1
DA:66,1
DA:67,1
DA:68,1
DA:69,1
DA:70,1
DA:71,1
DA:72,1
DA:73,1
DA:74,1
DA:75,1
DA:76,1
DA:77,1
DA:78,1
DA:79,1
DA:80,1
DA:81,1
DA:82,1
DA:83,1
DA:84,1
DA:85,1
DA:86,1
DA:87,1
DA:88,1
DA:89,1
DA:90,1
DA:91,1
DA:92,1
DA:93,1
DA:94,1
DA:95,1
DA:96,1
DA:97,1
DA:98,1
DA:99,1
DA:100,1
DA:101,1
DA:102,1
DA:103,1
DA:104,1
DA:105,1
DA:106,1
DA:107,0
DA:108,0
DA:109,0
DA:110,0
DA:111,0
DA:112,1
DA:113,1
DA:114,1
DA:115,1
DA:116,1
DA:117,1
DA:118,1
DA:119,1
DA:120,0
DA:121,0
DA:122,0
DA:123,0
DA:124,0
DA:125,0
DA:126,0
DA:127,0
DA:128,0
DA:129,0
DA:130,0
DA:131,0
DA:132,0
DA:133,0
DA:134,0
DA:135,0
DA:136,0
DA:137,0
DA:138,0
DA:139,0
DA:140,0
DA:141,0
DA:142,0
DA:143,0
DA:144,0
DA:145,0
DA:146,1
DA:147,1
DA:148,1
DA:149,0
DA:150,0
DA:151,0
DA:152,0
DA:153,0
DA:154,0
DA:155,1
DA:156,1
DA:157,1
DA:158,0
DA:159,0
DA:160,0
DA:161,0
DA:162,0
DA:163,0
DA:164,1
DA:165,1
DA:166,1
DA:167,0
DA:168,0
DA:169,0
DA:170,0
DA:171,0
DA:172,0
DA:173,0
DA:174,0
DA:175,0
DA:176,0
DA:177,0
DA:178,0
DA:179,0
DA:180,1
DA:181,1
DA:182,1
DA:183,0
DA:184,0
DA:185,0
DA:186,0
DA:187,1
DA:188,1
DA:189,1
DA:190,1
DA:191,1
DA:192,1
DA:193,1
DA:194,1
DA:195,1
DA:196,0
DA:197,0
DA:198,0
DA:199,0
DA:200,0
DA:201,1
DA:202,1
DA:203,1
DA:204,1
DA:205,1
DA:206,1
DA:207,1
DA:208,1
DA:209,1
LF:209
LH:136
BRDA:13,0,0,1
BRDA:56,1,0,0
BRDA:79,2,0,0
BRDA:98,3,0,0
BRDA:100,4,0,0
BRDA:106,5,0,0
BRDA:117,6,0,0
BRDA:119,7,0,0
BRDA:148,8,0,0
BRDA:148,9,0,0
BRDA:157,10,0,0
BRDA:157,11,0,0
BRDA:166,12,0,0
BRDA:182,13,0,0
BRDA:182,14,0,0
BRDA:195,15,0,0
BRDA:23,16,0,1
BRDA:24,17,0,1
BRDA:31,18,0,0
BRDA:32,19,0,0
BRDA:45,20,0,1
BRDA:46,21,0,0
BRDA:49,22,0,0
BRDA:51,23,0,0
BRDA:71,24,0,1
BRDA:86,25,0,1
BRDA:95,26,0,1
BRF:27
BRH:7
end_of_record
TN:
SF:src\pages\DietPlanHistory.jsx
FN:8,DietPlanHistory
FNF:1
FNH:1
FNDA:1,DietPlanHistory
DA:1,1
DA:2,1
DA:3,1
DA:4,1
DA:5,1
DA:6,1
DA:7,1
DA:8,1
DA:9,1
DA:10,1
DA:11,1
DA:12,1
DA:13,1
DA:14,1
DA:15,1
DA:16,1
DA:17,1
DA:18,1
DA:19,1
DA:20,1
DA:21,1
DA:22,1
DA:23,1
DA:24,1
DA:25,1
DA:26,1
DA:27,1
DA:28,1
DA:29,1
DA:30,1
DA:31,1
DA:32,1
DA:33,1
DA:34,1
DA:35,1
DA:36,1
DA:37,1
DA:38,1
DA:39,1
DA:40,1
DA:41,1
DA:42,1
DA:43,1
DA:44,1
DA:45,1
DA:46,1
DA:47,1
DA:48,1
DA:49,1
DA:50,1
DA:51,1
DA:52,1
DA:53,1
DA:54,1
DA:55,1
DA:56,1
DA:57,1
DA:58,1
DA:59,1
DA:60,0
DA:61,0
DA:62,0
DA:63,0
DA:64,0
DA:65,0
DA:66,0
DA:67,0
DA:68,0
DA:69,1
DA:70,1
DA:71,1
DA:72,1
DA:73,1
DA:74,1
DA:75,1
LF:75
LH:66
BRDA:8,0,0,1
BRDA:16,1,0,0
BRDA:59,2,0,0
BRDA:12,3,0,1
BRDA:13,4,0,1
BRDA:13,5,0,1
BRDA:30,6,0,1
BRDA:35,7,0,0
BRF:8
BRH:5
end_of_record
TN:
SF:src\pages\Documents.jsx
FN:10,Documents
FN:41,handleUpload
FN:54,handleDelete
FN:62,handlePreview
FN:83,onChange
FN:111,onClick
FN:112,onClick
FN:125,onCancel
FNF:8
FNH:5
FNDA:1,Documents
FNDA:0,handleUpload
FNDA:0,handleDelete
FNDA:1,handlePreview
FNDA:1,onChange
FNDA:1,onClick
FNDA:1,onClick
FNDA:0,onCancel
DA:1,1
DA:2,1
DA:3,1
DA:4,1
DA:5,1
DA:6,1
DA:7,1
DA:8,1
DA:9,1
DA:10,1
DA:11,1
DA:12,1
DA:13,1
DA:14,1
DA:15,1
DA:16,1
DA:17,1
DA:18,1
DA:19,1
DA:20,1
DA:21,1
DA:22,1
DA:23,1
DA:24,1
DA:25,1
DA:26,1
DA:27,1
DA:28,1
DA:29,1
DA:30,0
DA:31,0
DA:32,0
DA:33,0
DA:34,0
DA:35,0
DA:36,0
DA:37,0
DA:38,0
DA:39,1
DA:40,1
DA:41,1
DA:42,0
DA:43,0
DA:44,0
DA:45,0
DA:46,0
DA:47,0
DA:48,0
DA:49,0
DA:50,0
DA:51,0
DA:52,0
DA:53,1
DA:54,1
DA:55,0
DA:56,0
DA:57,0
DA:58,0
DA:59,0
DA:60,0
DA:61,1
DA:62,1
DA:63,1
DA:64,1
DA:65,1
DA:66,1
DA:67,1
DA:68,1
DA:69,1
DA:70,1
DA:71,1
DA:72,1
DA:73,1
DA:74,1
DA:75,1
DA:76,1
DA:77,1
DA:78,1
DA:79,1
DA:80,1
DA:81,1
DA:82,1
DA:83,1
DA:84,1
DA:85,1
DA:86,1
DA:87,1
DA:88,1
DA:89,1
DA:90,1
DA:91,1
DA:92,1
DA:93,1
DA:94,1
DA:95,1
DA:96,1
DA:97,1
DA:98,1
DA:99,1
DA:100,1
DA:101,1
DA:102,0
DA:103,0
DA:104,0
DA:105,1
DA:106,1
DA:107,1
DA:108,1
DA:109,1
DA:110,1
DA:111,1
DA:112,1
DA:113,1
DA:114,1
DA:115,1
DA:116,1
DA:117,1
DA:118,0
DA:119,0
DA:120,1
DA:121,1
DA:122,1
DA:123,1
DA:124,1
DA:125,1
DA:126,1
DA:127,1
DA:128,1
LF:128
LH:97
BRDA:10,0,0,1
BRDA:69,1,0,0
BRDA:117,2,0,0
BRDA:17,3,0,1
BRDA:21,4,0,0
BRDA:24,5,0,1
BRDA:27,6,0,1
BRDA:29,7,0,0
BRDA:28,8,0,1
BRDA:62,9,0,1
BRDA:66,10,0,0
BRDA:83,11,0,1
BRDA:96,12,0,1
BRDA:100,13,0,0
BRDA:101,14,0,0
BRDA:101,15,0,0
BRDA:107,16,0,2
BRDA:111,17,0,1
BRDA:112,18,0,1
BRF:19
BRH:11
end_of_record
TN:
SF:src\pages\ForgotPassword.jsx
FN:5,ForgotPassword
FNF:1
FNH:1
FNDA:1,ForgotPassword
DA:1,1
DA:2,1
DA:3,1
DA:4,1
DA:5,1
DA:6,1
DA:7,1
DA:8,1
DA:9,1
DA:10,1
DA:11,1
DA:12,1
DA:13,1
DA:14,1
DA:15,1
DA:16,1
DA:17,1
DA:18,1
DA:19,1
DA:20,1
DA:21,1
DA:22,1
DA:23,1
DA:24,1
DA:25,1
DA:26,1
DA:27,1
DA:28,1
DA:29,1
DA:30,1
DA:31,1
DA:32,1
DA:33,1
DA:34,1
DA:35,1
LF:35
LH:35
BRDA:5,0,0,1
BRF:1
BRH:1
end_of_record
TN:
SF:src\pages\HealthTracker.jsx
FN:11,HealthTracker
FN:22,fetchData
FN:31,handleHealthSubmit
FN:47,handleMealSubmit
FN:79,onChange
FN:80,onChange
FN:81,onChange
FN:82,onChange
FN:83,onChange
FN:84,onChange
FN:85,onChange
FN:98,onChange
FN:99,onChange
FN:100,onChange
FN:101,onChange
FN:102,onChange
FNF:16
FNH:16
FNDA:1,HealthTracker
FNDA:2,fetchData
FNDA:1,handleHealthSubmit
FNDA:1,handleMealSubmit
FNDA:1,onChange
FNDA:1,onChange
FNDA:1,onChange
FNDA:1,onChange
FNDA:1,onChange
FNDA:1,onChange
FNDA:1,onChange
FNDA:1,onChange
FNDA:1,onChange
FNDA:1,onChange
FNDA:1,onChange
FNDA:1,onChange
DA:1,1
DA:2,1
DA:3,1
DA:4,1
DA:5,1
DA:6,1
DA:7,1
DA:8,1
DA:9,1
DA:10,1
DA:11,1
DA:12,1
DA:13,1
DA:14,1
DA:15,1
DA:16,1
DA:17,1
DA:18,1
DA:19,1
DA:20,1
DA:21,1
DA:22,1
DA:23,2
DA:24,2
DA:25,2
DA:26,2
DA:27,2
DA:28,2
DA:29,2
DA:30,1
DA:31,1
DA:32,1
DA:33,1
DA:34,1
DA:35,1
DA:36,1
DA:37,1
DA:38,1
DA:39,1
DA:40,1
DA:41,1
DA:42,1
DA:43,1
DA:44,1
DA:45,1
DA:46,1
DA:47,1
DA:48,1
DA:49,1
DA:50,1
DA:51,1
DA:52,1
DA:53,1
DA:54,1
DA:55,1
DA:56,1
DA:57,1
DA:58,1
DA:59,1
DA:60,1
DA:61,1
DA:62,1
DA:63,1
DA:64,1
DA:65,1
DA:66,1
DA:67,1
DA:68,1
DA:69,1
DA:70,1
DA:71,1
DA:72,1
DA:73,1
DA:74,1
DA:75,1
DA:76,1
DA:77,1
DA:78,1
DA:79,1
DA:80,1
DA:81,1
DA:82,1
DA:83,1
DA:84,1
DA:85,1
DA:86,1
DA:87,1
DA:88,1
DA:89,1
DA:90,1
DA:91,1
DA:92,1
DA:93,1
DA:94,1
DA:95,1
DA:96,1
DA:97,1
DA:98,1
DA:99,1
DA:100,1
DA:101,1
DA:102,1
DA:103,1
DA:104,1
DA:105,1
DA:106,1
DA:107,1
DA:108,1
DA:109,1
DA:110,1
DA:111,1
DA:112,0
DA:113,0
DA:114,0
DA:115,0
DA:116,0
DA:117,0
DA:118,0
DA:119,0
DA:120,0
DA:121,0
DA:122,0
DA:123,0
DA:124,0
DA:125,0
DA:126,0
DA:127,0
DA:128,0
DA:129,1
DA:130,1
DA:131,1
DA:132,1
DA:133,0
DA:134,0
DA:135,0
DA:136,0
DA:137,0
DA:138,0
DA:139,1
DA:140,1
DA:141,1
DA:142,1
DA:143,1
DA:144,1
DA:145,1
LF:145
LH:122
BRDA:11,0,0,1
BRDA:61,1,0,0
BRDA:87,2,0,0
BRDA:104,3,0,0
BRDA:111,4,0,0
BRDA:111,5,0,0
BRDA:132,6,0,0
BRDA:132,7,0,0
BRDA:18,8,0,1
BRDA:22,9,0,2
BRDA:28,10,0,0
BRDA:31,11,0,1
BRDA:36,12,0,0
BRDA:37,13,0,0
BRDA:38,14,0,0
BRDA:39,15,0,0
BRDA:40,16,0,0
BRDA:44,17,0,0
BRDA:47,18,0,1
BRDA:52,19,0,0
BRDA:56,20,0,0
BRDA:79,21,0,1
BRDA:80,22,0,1
BRDA:81,23,0,1
BRDA:82,24,0,1
BRDA:83,25,0,1
BRDA:84,26,0,1
BRDA:85,27,0,1
BRDA:98,28,0,1
BRDA:99,29,0,1
BRDA:100,30,0,1
BRDA:101,31,0,1
BRDA:102,32,0,1
BRF:33
BRH:17
end_of_record
TN:
SF:src\pages\Help.jsx
FN:16,Help
FN:31,onClick
FNF:2
FNH:2
FNDA:1,Help
FNDA:8,onClick
DA:1,1
DA:2,1
DA:3,1
DA:4,1
DA:5,1
DA:6,1
DA:7,1
DA:8,1
DA:9,1
DA:10,1
DA:11,1
DA:12,1
DA:13,1
DA:14,1
DA:15,1
DA:16,1
DA:17,1
DA:18,1
DA:19,1
DA:20,1
DA:21,1
DA:22,1
DA:23,1
DA:24,1
DA:25,1
DA:26,1
DA:27,1
DA:28,1
DA:29,8
DA:30,8
DA:31,8
DA:32,8
DA:33,8
DA:34,8
DA:35,8
DA:36,8
DA:37,1
DA:38,1
DA:39,1
DA:40,8
DA:41,8
DA:42,1
DA:43,1
DA:44,1
DA:45,1
DA:46,1
DA:47,1
DA:48,1
DA:49,1
DA:50,1
DA:51,1
DA:52,1
DA:53,1
DA:54,1
DA:55,1
DA:56,1
DA:57,1
LF:57
LH:57
BRDA:16,0,0,1
BRDA:28,1,0,8
BRDA:31,2,0,1
BRDA:31,3,0,7
BRDA:32,4,0,1
BRDA:32,5,0,7
BRDA:36,6,0,1
BRDA:31,7,0,8
BRDA:31,8,0,1
BRDA:31,9,0,7
BRF:10
BRH:10
end_of_record
TN:
SF:src\pages\Landing.jsx
FN:5,Landing
FN:7,handleScroll
FNF:2
FNH:1
FNDA:1,Landing
FNDA:0,handleScroll
DA:1,1
DA:2,1
DA:3,1
DA:4,1
DA:5,1
DA:6,1
DA:7,1
DA:8,0
DA:9,0
DA:10,0
DA:11,0
DA:12,0
DA:13,0
DA:14,0
DA:15,0
DA:16,0
DA:17,0
DA:18,1
DA:19,1
DA:20,1
DA:21,1
DA:22,0
DA:23,1
DA:24,1
DA:25,1
DA:26,1
DA:27,1
DA:28,1
DA:29,1
DA:30,1
DA:31,1
DA:32,1
DA:33,1
DA:34,1
DA:35,1
DA:36,1
DA:37,1
DA:38,1
DA:39,1
DA:40,1
DA:41,1
DA:42,1
DA:43,1
DA:44,1
DA:45,1
DA:46,1
DA:47,1
DA:48,1
DA:49,1
DA:50,1
DA:51,1
DA:52,1
DA:53,1
DA:54,1
DA:55,1
DA:56,1
DA:57,1
DA:58,1
DA:59,1
DA:60,1
DA:61,1
DA:62,1
DA:63,1
DA:64,1
DA:65,1
DA:66,1
DA:67,1
DA:68,1
DA:69,1
DA:70,1
DA:71,1
DA:72,1
DA:73,1
DA:74,1
DA:75,1
DA:76,1
DA:77,1
DA:78,1
DA:79,1
DA:80,1
DA:81,1
DA:82,1
DA:83,1
DA:84,1
DA:85,1
DA:86,1
DA:87,1
DA:88,1
DA:89,1
DA:90,1
DA:91,1
DA:92,1
DA:93,1
DA:94,1
DA:95,1
DA:96,1
DA:97,1
DA:98,1
DA:99,1
DA:100,1
DA:101,1
DA:102,1
DA:103,1
DA:104,1
DA:105,4
DA:106,4
DA:107,4
DA:108,4
DA:109,4
DA:110,4
DA:111,4
DA:112,1
DA:113,1
DA:114,1
DA:115,1
DA:116,1
DA:117,1
DA:118,1
DA:119,1
DA:120,1
DA:121,1
DA:122,1
DA:123,1
DA:124,1
DA:125,1
DA:126,1
DA:127,1
DA:128,1
DA:129,1
DA:130,3
DA:131,3
DA:132,3
DA:133,3
DA:134,3
DA:135,3
DA:136,3
DA:137,1
DA:138,1
DA:139,1
DA:140,1
DA:141,1
DA:142,1
DA:143,1
DA:144,1
DA:145,1
DA:146,1
DA:147,1
DA:148,1
DA:149,1
DA:150,1
DA:151,1
DA:152,1
DA:153,1
DA:154,1
DA:155,3
DA:156,3
DA:157,3
DA:158,3
DA:159,3
DA:160,3
DA:161,3
DA:162,1
DA:163,1
DA:164,1
DA:165,1
DA:166,1
DA:167,1
DA:168,1
DA:169,1
DA:170,1
DA:171,1
DA:172,1
DA:173,1
DA:174,1
DA:175,1
DA:176,1
DA:177,1
DA:178,1
DA:179,1
DA:180,1
DA:181,1
LF:181
LH:170
BRDA:5,0,0,1
BRDA:6,1,0,1
BRDA:21,2,0,0
BRDA:104,3,0,4
BRDA:129,4,0,3
BRDA:154,5,0,3
BRF:6
BRH:5
end_of_record
TN:
SF:src\pages\Login.jsx
FN:7,Login
FN:15,handleSubmit
FN:30,handleMicrosoft
FN:59,onChange
FN:65,onChange
FN:67,onClick
FNF:6
FNH:6
FNDA:1,Login
FNDA:1,handleSubmit
FNDA:1,handleMicrosoft
FNDA:1,onChange
FNDA:1,onChange
FNDA:1,onClick
DA:1,1
DA:2,1
DA:3,1
DA:4,1
DA:5,1
DA:6,1
DA:7,1
DA:8,1
DA:9,1
DA:10,1
DA:11,1
DA:12,1
DA:13,1
DA:14,1
DA:15,1
DA:16,1
DA:17,1
DA:18,1
DA:19,1
DA:20,1
DA:21,1
DA:22,1
DA:23,1
DA:24,0
DA:25,1
DA:26,1
DA:27,1
DA:28,1
DA:29,1
DA:30,1
DA:31,1
DA:32,1
DA:33,1
DA:34,1
DA:35,0
DA:36,0
DA:37,1
DA:38,1
DA:39,1
DA:40,1
DA:41,1
DA:42,1
DA:43,1
DA:44,1
DA:45,1
DA:46,1
DA:47,1
DA:48,1
DA:49,1
DA:50,1
DA:51,1
DA:52,0
DA:53,1
DA:54,1
DA:55,1
DA:56,1
DA:57,1
DA:58,1
DA:59,1
DA:60,1
DA:61,1
DA:62,1
DA:63,1
DA:64,1
DA:65,1
DA:66,1
DA:67,1
DA:68,1
DA:69,1
DA:70,1
DA:71,1
DA:72,1
DA:73,1
DA:74,1
DA:75,1
DA:76,1
DA:77,1
DA:78,1
DA:79,1
DA:80,1
DA:81,1
DA:82,1
DA:83,1
DA:84,1
DA:85,1
DA:86,1
DA:87,1
DA:88,1
DA:89,1
DA:90,1
DA:91,1
DA:92,1
DA:93,1
DA:94,1
DA:95,1
DA:96,1
DA:97,1
DA:98,1
LF:98
LH:94
BRDA:7,0,0,1
BRDA:51,1,0,0
BRDA:64,2,0,0
BRDA:68,3,0,0
BRDA:70,4,0,0
BRDA:78,5,0,0
BRDA:15,6,0,1
BRDA:23,7,0,0
BRDA:30,8,0,1
BRDA:34,9,0,0
BRDA:59,10,0,1
BRDA:65,11,0,1
BRDA:67,12,0,1
BRF:13
BRH:6
end_of_record
TN:
SF:src\pages\Notifications.jsx
FN:7,Notifications
FN:15,markRead
FN:40,__vite_ssr_import_0__.jsxDEV.onClick
FN:41,__vite_ssr_import_0__.jsxDEV.onKeyDown
FNF:4
FNH:4
FNDA:1,Notifications
FNDA:2,markRead
FNDA:1,__vite_ssr_import_0__.jsxDEV.onClick
FNDA:1,__vite_ssr_import_0__.jsxDEV.onKeyDown
DA:1,1
DA:2,1
DA:3,1
DA:4,1
DA:5,1
DA:6,1
DA:7,1
DA:8,1
DA:9,1
DA:10,1
DA:11,1
DA:12,1
DA:13,1
DA:14,1
DA:15,1
DA:16,2
DA:17,2
DA:18,2
DA:19,2
DA:20,2
DA:21,1
DA:22,1
DA:23,1
DA:24,1
DA:25,1
DA:26,1
DA:27,1
DA:28,1
DA:29,1
DA:30,1
DA:31,1
DA:32,1
DA:33,1
DA:34,1
DA:35,1
DA:36,1
DA:37,1
DA:38,1
DA:39,1
DA:40,1
DA:41,1
DA:42,1
DA:43,1
DA:44,1
DA:45,1
DA:46,1
DA:47,1
DA:48,1
DA:49,1
DA:50,1
DA:51,1
DA:52,1
DA:53,1
DA:54,1
DA:55,1
DA:56,1
DA:57,1
DA:58,1
DA:59,1
DA:60,1
DA:61,1
DA:62,1
DA:63,1
DA:64,1
DA:65,1
DA:66,0
DA:67,0
DA:68,0
DA:69,0
DA:70,0
DA:71,1
DA:72,1
DA:73,1
DA:74,1
DA:75,1
DA:76,1
DA:77,1
DA:78,1
LF:78
LH:73
BRDA:7,0,0,1
BRDA:24,1,0,0
BRDA:65,2,0,0
BRDA:11,3,0,1
BRDA:12,4,0,1
BRDA:12,5,0,0
BRDA:12,6,0,1
BRDA:15,7,0,2
BRDA:19,8,0,0
BRDA:34,9,0,1
BRDA:35,10,0,0
BRDA:39,11,0,0
BRDA:40,12,0,0
BRDA:41,13,0,0
BRDA:47,14,0,0
BRDA:48,15,0,0
BRDA:49,16,0,0
BRDA:59,17,0,0
BRDA:40,18,0,1
BRDA:41,19,0,1
BRDA:42,20,0,0
BRF:21
BRH:8
end_of_record
TN:
SF:src\pages\Profile.jsx
FN:25,Profile
FN:64,toggleCondition
FN:80,togglePreference
FN:87,handleProfileSave
FN:102,handleMedicalSave
FN:116,handleAddAllergy
FN:127,handleDeleteAllergy
FN:152,onChange
FN:153,onChange
FN:154,onChange
FN:155,onChange
FN:156,onChange
FN:157,onChange
FN:158,onChange
FN:174,onClick
FN:197,onChange
FN:198,onChange
FN:201,onChange
FN:247,onChange
FN:266,onChange
FN:297,onChange
FNF:21
FNH:21
FNDA:1,Profile
FNDA:26,toggleCondition
FNDA:15,togglePreference
FNDA:1,handleProfileSave
FNDA:1,handleMedicalSave
FNDA:1,handleAddAllergy
FNDA:1,handleDeleteAllergy
FNDA:1,onChange
FNDA:1,onChange
FNDA:1,onChange
FNDA:1,onChange
FNDA:1,onChange
FNDA:1,onChange
FNDA:1,onChange
FNDA:1,onClick
FNDA:1,onChange
FNDA:1,onChange
FNDA:1,onChange
FNDA:26,onChange
FNDA:1,onChange
FNDA:15,onChange
DA:1,1
DA:2,1
DA:3,1
DA:4,1
DA:5,1
DA:6,1
DA:7,1
DA:8,1
DA:9,1
DA:10,1
DA:11,1
DA:12,1
DA:13,1
DA:14,1
DA:15,1
DA:16,1
DA:17,1
DA:18,1
DA:19,1
DA:20,1
DA:21,1
DA:22,1
DA:23,1
DA:24,1
DA:25,1
DA:26,1
DA:27,1
DA:28,1
DA:29,1
DA:30,1
DA:31,1
DA:32,1
DA:33,1
DA:34,1
DA:35,1
DA:36,1
DA:37,1
DA:38,1
DA:39,1
DA:40,1
DA:41,1
DA:42,1
DA:43,1
DA:44,1
DA:45,1
DA:46,1
DA:47,1
DA:48,1
DA:49,0
DA:50,0
DA:51,1
DA:52,1
DA:53,1
DA:54,1
DA:55,1
DA:56,1
DA:57,1
DA:58,1
DA:59,1
DA:60,1
DA:61,1
DA:62,1
DA:63,1
DA:64,1
DA:65,26
DA:66,1
DA:67,26
DA:68,25
DA:69,0
DA:70,0
DA:71,0
DA:72,0
DA:73,25
DA:74,25
DA:75,26
DA:76,1
DA:77,1
DA:78,1
DA:79,1
DA:80,1
DA:81,15
DA:82,0
DA:83,15
DA:84,15
DA:85,1
DA:86,1
DA:87,1
DA:88,1
DA:89,1
DA:90,1
DA:91,1
DA:92,1
DA:93,1
DA:94,1
DA:95,1
DA:96,1
DA:97,1
DA:98,1
DA:99,1
DA:100,1
DA:101,1
DA:102,1
DA:103,1
DA:104,1
DA:105,1
DA:106,1
DA:107,1
DA:108,1
DA:109,1
DA:110,1
DA:111,1
DA:112,1
DA:113,1
DA:114,1
DA:115,1
DA:116,1
DA:117,1
DA:118,1
DA:119,1
DA:120,1
DA:121,1
DA:122,1
DA:123,1
DA:124,1
DA:125,1
DA:126,1
DA:127,1
DA:128,1
DA:129,1
DA:130,1
DA:131,1
DA:132,1
DA:133,1
DA:134,1
DA:135,1
DA:136,1
DA:137,1
DA:138,1
DA:139,1
DA:140,1
DA:141,1
DA:142,1
DA:143,1
DA:144,1
DA:145,1
DA:146,1
DA:147,1
DA:148,1
DA:149,1
DA:150,1
DA:151,1
DA:152,1
DA:153,1
DA:154,1
DA:155,1
DA:156,1
DA:157,1
DA:158,1
DA:159,1
DA:160,1
DA:161,1
DA:162,1
DA:163,1
DA:164,1
DA:165,1
DA:166,1
DA:167,1
DA:168,1
DA:169,1
DA:170,1
DA:171,1
DA:172,1
DA:173,1
DA:174,1
DA:175,1
DA:176,1
DA:177,1
DA:178,1
DA:179,1
DA:180,1
DA:181,1
DA:182,1
DA:183,1
DA:184,1
DA:185,1
DA:186,1
DA:187,1
DA:188,1
DA:189,1
DA:190,1
DA:191,1
DA:192,1
DA:193,1
DA:194,1
DA:195,1
DA:196,1
DA:197,1
DA:198,1
DA:199,1
DA:200,1
DA:201,1
DA:202,1
DA:203,1
DA:204,1
DA:205,1
DA:206,1
DA:207,1
DA:208,1
DA:209,1
DA:210,1
DA:211,1
DA:212,1
DA:213,1
DA:214,1
DA:215,1
DA:216,1
DA:217,1
DA:218,1
DA:219,1
DA:220,1
DA:221,1
DA:222,1
DA:223,1
DA:224,1
DA:225,26
DA:226,26
DA:227,26
DA:228,26
DA:229,26
DA:230,26
DA:231,26
DA:232,26
DA:233,26
DA:234,26
DA:235,26
DA:236,26
DA:237,26
DA:238,26
DA:239,26
DA:240,26
DA:241,26
DA:242,26
DA:243,26
DA:244,26
DA:245,26
DA:246,26
DA:247,26
DA:248,26
DA:249,26
DA:250,26
DA:251,26
DA:252,26
DA:253,26
DA:254,26
DA:255,26
DA:256,26
DA:257,1
DA:258,1
DA:259,1
DA:260,1
DA:261,1
DA:262,1
DA:263,1
DA:264,1
DA:265,1
DA:266,1
DA:267,1
DA:268,1
DA:269,1
DA:270,1
DA:271,1
DA:272,1
DA:273,1
DA:274,1
DA:275,1
DA:276,1
DA:277,1
DA:278,15
DA:279,15
DA:280,15
DA:281,15
DA:282,15
DA:283,15
DA:284,15
DA:285,15
DA:286,15
DA:287,15
DA:288,15
DA:289,15
DA:290,15
DA:291,15
DA:292,15
DA:293,15
DA:294,15
DA:295,15
DA:296,15
DA:297,15
DA:298,15
DA:299,15
DA:300,15
DA:301,15
DA:302,15
DA:303,15
DA:304,15
DA:305,15
DA:306,15
DA:307,1
DA:308,1
DA:309,1
DA:310,1
DA:311,1
DA:312,1
DA:313,1
DA:314,1
DA:315,1
DA:316,1
DA:317,1
DA:318,1
DA:319,1
DA:320,1
DA:321,1
DA:322,1
LF:322
LH:315
BRDA:25,0,0,1
BRDA:135,1,0,0
BRDA:152,2,0,0
BRDA:191,3,0,0
BRDA:211,4,0,0
BRDA:212,5,0,0
BRDA:313,6,0,0
BRDA:36,7,0,1
BRDA:37,8,0,1
BRDA:41,9,0,0
BRDA:48,10,0,0
BRDA:60,11,0,1
BRDA:64,12,0,26
BRDA:65,13,0,1
BRDA:67,14,0,25
BRDA:80,15,0,15
BRDA:87,16,0,1
BRDA:92,17,0,0
BRDA:93,18,0,0
BRDA:94,19,0,0
BRDA:99,20,0,0
BRDA:102,21,0,1
BRDA:113,22,0,0
BRDA:116,23,0,1
BRDA:118,24,0,0
BRDA:124,25,0,0
BRDA:127,26,0,1
BRDA:132,27,0,0
BRDA:152,28,0,1
BRDA:153,29,0,1
BRDA:154,30,0,1
BRDA:155,31,0,1
BRDA:155,32,0,8
BRDA:156,33,0,1
BRDA:157,34,0,1
BRDA:158,35,0,1
BRDA:168,36,0,1
BRDA:174,37,0,1
BRDA:197,38,0,1
BRDA:198,39,0,1
BRDA:201,40,0,1
BRDA:224,41,0,26
BRDA:230,42,0,1
BRDA:230,43,0,25
BRDA:230,44,0,25
BRDA:230,45,0,1
BRDA:235,46,0,25
BRDA:235,47,0,1
BRDA:236,48,0,1
BRDA:236,49,0,25
BRDA:237,50,0,25
BRDA:237,51,0,1
BRDA:248,52,0,1
BRDA:248,53,0,25
BRDA:248,54,0,1
BRDA:248,55,0,25
BRDA:250,56,0,25
BRDA:250,57,0,1
BRDA:247,58,0,26
BRDA:266,59,0,1
BRDA:277,60,0,15
BRDA:282,61,0,0
BRDA:288,62,0,0
BRDA:298,63,0,0
BRDA:298,64,0,0
BRDA:297,65,0,15
BRF:66
BRH:46
end_of_record
TN:
SF:src\pages\Register.jsx
FN:7,Register
FN:16,handleSubmit
FN:37,handleMicrosoft
FN:46,update
FN:75,onChange
FN:79,onChange
FN:83,onChange
FN:88,onChange
FN:90,onClick
FN:100,onChange
FN:102,onClick
FN:111,onChange
FN:115,onChange
FN:124,onChange
FNF:14
FNH:14
FNDA:1,Register
FNDA:1,handleSubmit
FNDA:1,handleMicrosoft
FNDA:8,update
FNDA:1,onChange
FNDA:1,onChange
FNDA:1,onChange
FNDA:1,onChange
FNDA:1,onClick
FNDA:1,onChange
FNDA:1,onClick
FNDA:1,onChange
FNDA:1,onChange
FNDA:1,onChange
DA:1,1
DA:2,1
DA:3,1
DA:4,1
DA:5,1
DA:6,1
DA:7,1
DA:8,1
DA:9,1
DA:10,1
DA:11,1
DA:12,1
DA:13,1
DA:14,1
DA:15,1
DA:16,1
DA:17,1
DA:18,1
DA:19,1
DA:20,1
DA:21,1
DA:22,1
DA:23,1
DA:24,1
DA:25,1
DA:26,1
DA:27,1
DA:28,1
DA:29,1
DA:30,1
DA:31,0
DA:32,1
DA:33,1
DA:34,1
DA:35,1
DA:36,1
DA:37,1
DA:38,1
DA:39,1
DA:40,1
DA:41,1
DA:42,0
DA:43,0
DA:44,1
DA:45,1
DA:46,1
DA:47,1
DA:48,1
DA:49,1
DA:50,1
DA:51,1
DA:52,1
DA:53,1
DA:54,1
DA:55,1
DA:56,1
DA:57,1
DA:58,1
DA:59,1
DA:60,1
DA:61,0
DA:62,1
DA:63,1
DA:64,1
DA:65,1
DA:66,1
DA:67,1
DA:68,1
DA:69,1
DA:70,1
DA:71,1
DA:72,1
DA:73,1
DA:74,1
DA:75,1
DA:76,1
DA:77,1
DA:78,1
DA:79,1
DA:80,1
DA:81,1
DA:82,1
DA:83,1
DA:84,1
DA:85,1
DA:86,1
DA:87,1
DA:88,1
DA:89,1
DA:90,1
DA:91,1
DA:92,1
DA:93,1
DA:94,1
DA:95,1
DA:96,1
DA:97,1
DA:98,1
DA:99,1
DA:100,1
DA:101,1
DA:102,1
DA:103,1
DA:104,1
DA:105,1
DA:106,1
DA:107,1
DA:108,1
DA:109,1
DA:110,1
DA:111,1
DA:112,1
DA:113,1
DA:114,1
DA:115,1
DA:116,1
DA:117,1
DA:118,1
DA:119,1
DA:120,1
DA:121,1
DA:122,1
DA:123,1
DA:124,1
DA:125,1
DA:126,1
DA:127,1
DA:128,1
DA:129,1
DA:130,1
DA:131,1
DA:132,1
DA:133,1
DA:134,1
DA:135,1
DA:136,1
DA:137,1
DA:138,1
DA:139,1
DA:140,1
DA:141,1
LF:141
LH:137
BRDA:7,0,0,1
BRDA:60,1,0,0
BRDA:88,2,0,0
BRDA:91,3,0,0
BRDA:93,4,0,0
BRDA:100,5,0,0
BRDA:103,6,0,0
BRDA:105,7,0,0
BRDA:128,8,0,0
BRDA:16,9,0,1
BRDA:23,10,0,0
BRDA:24,11,0,0
BRDA:25,12,0,0
BRDA:30,13,0,0
BRDA:37,14,0,1
BRDA:41,15,0,0
BRDA:46,16,0,8
BRDA:75,17,0,1
BRDA:79,18,0,1
BRDA:83,19,0,1
BRDA:88,20,0,1
BRDA:90,21,0,1
BRDA:100,22,0,1
BRDA:102,23,0,1
BRDA:111,24,0,1
BRDA:115,25,0,1
BRDA:124,26,0,1
BRF:27
BRH:14
end_of_record
TN:
SF:src\pages\SystemHealth.jsx
FN:7,SystemHealth
FN:11,fetchHealth
FN:22,statusColor
FN:27,statusIcon
FN:40,onClick
FNF:5
FNH:5
FNDA:1,SystemHealth
FNDA:2,fetchHealth
FNDA:4,statusColor
FNDA:2,statusIcon
FNDA:1,onClick
DA:1,1
DA:2,1
DA:3,1
DA:4,1
DA:5,1
DA:6,1
DA:7,1
DA:8,1
DA:9,1
DA:10,1
DA:11,1
DA:12,2
DA:13,2
DA:14,2
DA:15,2
DA:16,2
DA:17,1
DA:18,1
DA:19,1
DA:20,1
DA:21,1
DA:22,1
DA:23,4
DA:24,0
DA:25,0
DA:26,4
DA:27,1
DA:28,2
DA:29,0
DA:30,0
DA:31,2
DA:32,1
DA:33,1
DA:34,1
DA:35,1
DA:36,1
DA:37,1
DA:38,1
DA:39,1
DA:40,1
DA:41,1
DA:42,1
DA:43,1
DA:44,1
DA:45,1
DA:46,1
DA:47,1
DA:48,1
DA:49,1
DA:50,1
DA:51,1
DA:52,1
DA:53,1
DA:54,1
DA:55,1
DA:56,1
DA:57,1
DA:58,1
DA:59,1
DA:60,1
DA:61,1
DA:62,1
DA:63,1
DA:64,1
DA:65,1
DA:66,1
DA:67,1
DA:68,1
DA:69,1
DA:70,1
DA:71,1
DA:72,1
DA:73,1
DA:74,1
DA:75,1
LF:75
LH:71
BRDA:7,0,0,1
BRDA:20,1,0,0
BRDA:51,2,0,0
BRDA:11,3,0,2
BRDA:15,4,0,0
BRDA:18,5,0,1
BRDA:22,6,0,4
BRDA:23,7,0,0
BRDA:27,8,0,2
BRDA:28,9,0,0
BRDA:40,10,0,1
BRDA:51,11,0,1
BRDA:63,12,0,0
BRF:13
BRH:7
end_of_record
