TN:
SF:src\App.jsx
FN:23,App
FNF:1
FNH:1
FNDA:2,App
DA:1,1
DA:2,1
DA:3,1
DA:4,1
DA:5,1
DA:6,1
DA:7,1
DA:8,1
DA:9,1
DA:10,1
DA:11,1
DA:12,1
DA:13,1
DA:14,1
DA:15,1
DA:16,1
DA:17,1
DA:18,1
DA:19,1
DA:20,1
DA:21,1
DA:22,1
DA:23,2
DA:24,2
DA:25,2
DA:26,2
DA:27,1
DA:28,1
DA:29,1
DA:30,1
DA:31,2
DA:32,2
DA:33,2
DA:34,2
DA:35,2
DA:36,2
DA:37,2
DA:38,2
DA:39,2
DA:40,2
DA:41,2
DA:42,2
DA:43,2
DA:44,2
DA:45,2
DA:46,2
DA:47,2
DA:48,2
DA:49,2
DA:50,2
DA:51,2
LF:51
LH:51
BRDA:23,0,0,2
BRDA:26,1,0,1
BRDA:37,2,0,0
BRDA:37,3,0,0
BRDA:37,4,0,1
BRDA:44,5,0,0
BRDA:44,6,0,0
BRDA:44,7,0,1
BRF:8
BRH:4
end_of_record
TN:
SF:src\main.jsx
FNF:0
FNH:0
DA:1,1
DA:2,1
DA:3,1
DA:4,1
DA:5,1
DA:6,1
DA:7,1
DA:8,1
DA:9,1
DA:10,1
DA:11,1
DA:12,1
DA:13,1
DA:14,1
DA:15,1
DA:16,1
DA:17,1
LF:17
LH:17
BRF:0
BRH:0
end_of_record
TN:
SF:src\api\axios.js
FN:13,api.interceptors.response.use.globalThis.location.href
FNF:1
FNH:0
FNDA:0,api.interceptors.response.use.globalThis.location.href
DA:1,1
DA:2,1
DA:3,1
DA:4,1
DA:5,1
DA:6,1
DA:7,1
DA:8,1
DA:9,1
DA:10,1
DA:11,1
DA:12,1
DA:13,1
DA:14,1
DA:15,0
DA:16,0
DA:17,0
DA:18,0
DA:19,0
DA:20,0
DA:21,0
DA:22,0
DA:23,1
DA:24,1
DA:25,1
LF:25
LH:17
BRF:0
BRH:0
end_of_record
TN:
SF:src\components\AdminRoute.jsx
FN:5,AdminRoute
FNF:1
FNH:1
FNDA:2,AdminRoute
DA:1,1
DA:2,1
DA:3,1
DA:4,1
DA:5,2
DA:6,2
DA:7,2
DA:8,2
DA:9,2
DA:10,1
DA:11,1
DA:12,1
DA:13,1
DA:14,1
DA:15,1
LF:15
LH:15
BRDA:5,0,0,2
BRDA:7,1,0,0
BRDA:8,2,0,0
BRDA:9,3,0,1
BRF:4
BRH:2
end_of_record
TN:
SF:src\components\ConfirmModal.jsx
FN:3,ConfirmModal
FNF:1
FNH:1
FNDA:1,ConfirmModal
DA:1,1
DA:2,1
DA:3,1
DA:4,1
DA:5,1
DA:6,1
DA:7,1
DA:8,1
DA:9,1
DA:10,1
DA:11,1
DA:12,1
DA:13,1
DA:14,1
DA:15,1
DA:16,1
DA:17,1
DA:18,1
DA:19,1
DA:20,1
DA:21,1
DA:22,1
DA:23,1
DA:24,1
DA:25,1
DA:26,1
DA:27,1
DA:28,1
DA:29,1
DA:30,1
DA:31,1
DA:32,1
DA:33,1
DA:34,1
DA:35,1
LF:35
LH:35
BRDA:3,0,0,1
BRDA:4,1,0,0
BRDA:11,2,0,0
BRDA:15,3,0,0
BRF:4
BRH:1
end_of_record
TN:
SF:src\components\FileUploadZone.jsx
FN:5,FileUploadZone
FNF:1
FNH:1
FNDA:3,FileUploadZone
DA:1,1
DA:2,1
DA:3,1
DA:4,1
DA:5,3
DA:6,3
DA:7,1
DA:8,3
DA:9,3
DA:10,3
DA:11,3
DA:12,3
DA:13,3
DA:14,3
DA:15,3
DA:16,3
DA:17,3
DA:18,3
DA:19,3
DA:20,1
DA:21,1
DA:22,1
DA:23,1
DA:24,1
DA:25,1
DA:26,1
DA:27,1
DA:28,1
DA:29,1
DA:30,1
DA:31,3
DA:32,1
DA:33,1
DA:34,1
DA:35,1
DA:36,1
DA:37,1
DA:38,1
DA:39,1
DA:40,1
DA:41,1
DA:42,1
DA:43,1
DA:44,1
DA:45,1
DA:46,1
DA:47,1
DA:48,3
DA:49,3
DA:50,3
DA:51,3
DA:52,3
DA:53,3
DA:54,3
DA:55,3
DA:56,1
DA:57,1
DA:58,1
DA:59,1
DA:60,1
DA:61,1
LF:61
LH:61
BRDA:5,0,0,3
BRDA:19,1,0,1
BRDA:31,2,0,2
BRDA:31,3,0,1
BRDA:50,4,0,1
BRDA:50,5,0,2
BRDA:6,6,0,1
BRF:7
BRH:7
end_of_record
TN:
SF:src\components\FlashMessage.jsx
FN:5,FlashMessage
FN:27,onClick
FNF:2
FNH:2
FNDA:1,FlashMessage
FNDA:1,onClick
DA:1,1
DA:2,1
DA:3,1
DA:4,1
DA:5,1
DA:6,1
DA:7,1
DA:8,1
DA:9,1
DA:10,1
DA:11,1
DA:12,1
DA:13,1
DA:14,1
DA:15,1
DA:16,1
DA:17,1
DA:18,1
DA:19,1
DA:20,1
DA:21,1
DA:22,1
DA:23,1
DA:24,1
DA:25,1
DA:26,1
DA:27,1
DA:28,1
DA:29,1
DA:30,1
DA:31,1
DA:32,1
DA:33,1
DA:34,1
DA:35,1
DA:36,1
DA:37,1
DA:38,1
LF:38
LH:38
BRDA:5,0,0,1
BRDA:26,1,0,0
BRDA:8,2,0,1
BRDA:27,3,0,1
BRF:4
BRH:3
end_of_record
TN:
SF:src\components\Footer.jsx
FN:4,Footer
FNF:1
FNH:1
FNDA:1,Footer
DA:1,1
DA:2,1
DA:3,1
DA:4,1
DA:5,1
DA:6,1
DA:7,1
DA:8,1
DA:9,1
DA:10,1
DA:11,1
DA:12,1
DA:13,1
DA:14,1
DA:15,1
DA:16,1
DA:17,0
DA:18,0
DA:19,0
DA:20,0
DA:21,0
DA:22,1
DA:23,1
DA:24,1
DA:25,1
DA:26,1
DA:27,1
DA:28,1
DA:29,1
DA:30,1
DA:31,1
DA:32,1
DA:33,1
DA:34,1
DA:35,1
DA:36,1
DA:37,1
DA:38,1
DA:39,1
DA:40,1
DA:41,1
DA:42,1
DA:43,1
DA:44,1
DA:45,1
DA:46,1
DA:47,1
LF:47
LH:42
BRDA:4,0,0,1
BRDA:6,1,0,0
BRDA:11,2,0,0
BRDA:14,3,0,0
BRDA:16,4,0,0
BRF:5
BRH:1
end_of_record
TN:
SF:src\components\LoadingSpinner.jsx
FN:3,LoadingSpinner
FNF:1
FNH:1
FNDA:2,LoadingSpinner
DA:1,1
DA:2,1
DA:3,2
DA:4,2
DA:5,1
DA:6,1
DA:7,1
DA:8,1
DA:9,1
DA:10,1
DA:11,1
DA:12,1
DA:13,1
DA:14,1
DA:15,1
DA:16,1
DA:17,1
DA:18,1
DA:19,1
DA:20,1
DA:21,1
DA:22,1
DA:23,1
DA:24,1
DA:25,1
DA:26,1
DA:27,1
DA:28,1
LF:28
LH:28
BRDA:3,0,0,2
BRDA:4,1,0,1
BRF:2
BRH:2
end_of_record
TN:
SF:src\components\Navbar.jsx
FN:6,Navbar
FN:20,handleLogout
FN:25,isActive
FNF:3
FNH:3
FNDA:2,Navbar
FNDA:1,handleLogout
FNDA:1,isActive
DA:1,1
DA:2,1
DA:3,1
DA:4,1
DA:5,1
DA:6,2
DA:7,2
DA:8,2
DA:9,2
DA:10,2
DA:11,2
DA:12,2
DA:13,2
DA:14,1
DA:15,1
DA:16,1
DA:17,1
DA:18,2
DA:19,2
DA:20,2
DA:21,1
DA:22,1
DA:23,1
DA:24,2
DA:25,2
DA:26,1
DA:27,0
DA:28,1
DA:29,2
DA:30,2
DA:31,1
DA:32,1
DA:33,1
DA:34,1
DA:35,1
DA:36,1
DA:37,1
DA:38,1
DA:39,1
DA:40,1
DA:41,1
DA:42,1
DA:43,1
DA:44,1
DA:45,1
DA:46,1
DA:47,1
DA:48,1
DA:49,1
DA:50,1
DA:51,1
DA:52,1
DA:53,1
DA:54,1
DA:55,1
DA:56,1
DA:57,1
DA:58,1
DA:59,2
DA:60,2
DA:61,2
DA:62,2
DA:63,2
DA:64,0
DA:65,0
DA:66,0
DA:67,0
DA:68,0
DA:69,0
DA:70,0
DA:71,0
DA:72,0
DA:73,0
DA:74,0
DA:75,0
DA:76,0
DA:77,0
DA:78,0
DA:79,0
DA:80,0
DA:81,0
DA:82,0
DA:83,0
DA:84,0
DA:85,0
DA:86,0
DA:87,0
DA:88,0
DA:89,0
DA:90,0
DA:91,0
DA:92,0
DA:93,2
DA:94,2
DA:95,2
DA:96,2
DA:97,2
DA:98,2
DA:99,2
DA:100,2
DA:101,2
DA:102,2
DA:103,2
DA:104,2
DA:105,1
DA:106,2
DA:107,2
DA:108,0
DA:109,2
DA:110,2
DA:111,2
DA:112,2
DA:113,2
DA:114,2
DA:115,2
DA:116,2
DA:117,2
DA:118,2
DA:119,2
LF:119
LH:88
BRDA:6,0,0,2
BRDA:30,1,0,1
BRDA:59,2,0,0
BRDA:63,3,0,0
BRDA:104,4,0,1
BRDA:107,5,0,0
BRDA:12,6,0,2
BRDA:13,7,0,1
BRDA:14,8,0,1
BRDA:20,9,0,1
BRDA:25,10,0,1
BRDA:26,11,0,0
BRF:12
BRH:8
end_of_record
TN:
SF:src\components\ProtectedRoute.jsx
FN:5,ProtectedRoute
FNF:1
FNH:1
FNDA:2,ProtectedRoute
DA:1,1
DA:2,1
DA:3,1
DA:4,1
DA:5,2
DA:6,2
DA:7,2
DA:8,2
DA:9,2
DA:10,2
DA:11,2
DA:12,0
DA:13,0
DA:14,1
DA:15,1
DA:16,1
DA:17,1
DA:18,1
DA:19,1
LF:19
LH:17
BRDA:5,0,0,2
BRDA:9,1,0,0
BRDA:10,2,0,1
BRDA:11,3,0,0
BRDA:11,4,0,0
BRDA:11,5,0,0
BRDA:11,6,0,0
BRDA:13,7,0,1
BRF:8
BRH:3
end_of_record
TN:
SF:src\components\StatusBadge.jsx
FN:3,StatusBadge
FNF:1
FNH:1
FNDA:1,StatusBadge
DA:1,1
DA:2,1
DA:3,1
DA:4,1
DA:5,1
DA:6,1
DA:7,1
DA:8,1
DA:9,1
LF:9
LH:9
BRDA:3,0,0,1
BRF:1
BRH:1
end_of_record
TN:
SF:src\context\AuthContext.jsx
FN:7,AuthProvider
FN:32,login
FN:41,register
FN:50,logout
FN:57,microsoftLogin
FNF:5
FNH:5
FNDA:1,AuthProvider
FNDA:1,login
FNDA:1,register
FNDA:1,logout
FNDA:1,microsoftLogin
DA:1,1
DA:2,1
DA:3,1
DA:4,1
DA:5,1
DA:6,1
DA:7,1
DA:8,1
DA:9,1
DA:10,1
DA:11,1
DA:12,1
DA:13,1
DA:14,1
DA:15,1
DA:16,1
DA:17,1
DA:18,2
DA:19,2
DA:20,2
DA:21,2
DA:22,0
DA:23,2
DA:24,2
DA:25,2
DA:26,1
DA:27,1
DA:28,1
DA:29,1
DA:30,1
DA:31,1
DA:32,1
DA:33,1
DA:34,1
DA:35,0
DA:36,0
DA:37,0
DA:38,1
DA:39,1
DA:40,1
DA:41,1
DA:42,1
DA:43,1
DA:44,0
DA:45,0
DA:46,0
DA:47,1
DA:48,1
DA:49,1
DA:50,1
DA:51,1
DA:52,1
DA:53,1
DA:54,1
DA:55,1
DA:56,1
DA:57,1
DA:58,1
DA:59,1
DA:60,1
DA:61,1
DA:62,1
DA:63,1
DA:64,1
DA:65,1
DA:66,1
DA:67,1
DA:68,1
DA:69,1
DA:70,1
DA:71,1
DA:72,1
DA:73,1
DA:74,1
DA:75,1
DA:76,1
DA:77,1
DA:78,1
DA:79,1
DA:80,1
DA:81,1
DA:82,1
DA:83,1
LF:83
LH:76
BRDA:7,0,0,1
BRDA:12,1,0,1
BRDA:17,2,0,2
BRDA:21,3,0,0
BRDA:28,4,0,1
BRDA:32,5,0,1
BRDA:34,6,0,0
BRDA:41,7,0,1
BRDA:43,8,0,0
BRDA:50,9,0,1
BRDA:53,10,0,0
BRDA:57,11,0,1
BRDA:62,12,0,1
BRF:13
BRH:9
end_of_record
TN:
SF:src\hooks\useAuth.js
FN:4,useAuth
FNF:1
FNH:1
FNDA:15,useAuth
DA:1,1
DA:2,1
DA:3,1
DA:4,1
DA:5,15
DA:6,15
DA:7,1
DA:8,1
DA:9,14
DA:10,14
LF:10
LH:10
BRDA:4,0,0,15
BRDA:6,1,0,1
BRDA:9,2,0,14
BRF:3
BRH:3
end_of_record
TN:
SF:src\pages\Admin.jsx
FN:37,Admin
FN:45,fetchAll
FN:58,toggleUser
FN:77,getDayIndex
FN:285,onClick
FN:292,onClick
FN:299,onClick
FNF:7
FNH:6
FNDA:1,Admin
FNDA:1,fetchAll
FNDA:0,toggleUser
FNDA:2,getDayIndex
FNDA:1,onClick
FNDA:1,onClick
FNDA:1,onClick
DA:1,1
DA:2,1
DA:3,1
DA:4,1
DA:5,1
DA:6,1
DA:7,1
DA:8,1
DA:9,1
DA:10,1
DA:11,1
DA:12,1
DA:13,1
DA:14,1
DA:15,1
DA:16,1
DA:17,1
DA:18,1
DA:19,1
DA:20,1
DA:21,1
DA:22,1
DA:23,1
DA:24,1
DA:25,1
DA:26,1
DA:27,1
DA:28,1
DA:29,1
DA:30,1
DA:31,1
DA:32,1
DA:33,1
DA:34,1
DA:35,1
DA:36,1
DA:37,1
DA:38,1
DA:39,1
DA:40,1
DA:41,1
DA:42,1
DA:43,1
DA:44,1
DA:45,1
DA:46,1
DA:47,1
DA:48,1
DA:49,1
DA:50,1
DA:51,1
DA:52,1
DA:53,1
DA:54,1
DA:55,1
DA:56,1
DA:57,1
DA:58,1
DA:59,0
DA:60,0
DA:61,0
DA:62,0
DA:63,0
DA:64,1
DA:65,1
DA:66,1
DA:67,1
DA:68,7
DA:69,7
DA:70,7
DA:71,7
DA:72,1
DA:73,1
DA:74,1
DA:75,1
DA:76,1
DA:77,1
DA:78,2
DA:79,0
DA:80,0
DA:81,2
DA:82,1
DA:83,1
DA:84,1
DA:85,1
DA:86,1
DA:87,1
DA:88,1
DA:89,1
DA:90,1
DA:91,1
DA:92,1
DA:93,1
DA:94,1
DA:95,1
DA:96,1
DA:97,1
DA:98,1
DA:99,1
DA:100,1
DA:101,1
DA:102,7
DA:103,7
DA:104,7
DA:105,1
DA:106,1
DA:107,1
DA:108,1
DA:109,7
DA:110,7
DA:111,1
DA:112,1
DA:113,0
DA:114,0
DA:115,0
DA:116,0
DA:117,0
DA:118,1
DA:119,1
DA:120,1
DA:121,1
DA:122,1
DA:123,1
DA:124,1
DA:125,1
DA:126,1
DA:127,1
DA:128,1
DA:129,1
DA:130,1
DA:131,1
DA:132,1
DA:133,1
DA:134,1
DA:135,1
DA:136,1
DA:137,1
DA:138,1
DA:139,1
DA:140,1
DA:141,1
DA:142,1
DA:143,1
DA:144,1
DA:145,1
DA:146,1
DA:147,1
DA:148,1
DA:149,1
DA:150,1
DA:151,1
DA:152,1
DA:153,1
DA:154,1
DA:155,1
DA:156,1
DA:157,1
DA:158,1
DA:159,1
DA:160,1
DA:161,1
DA:162,1
DA:163,1
DA:164,1
DA:165,1
DA:166,1
DA:167,1
DA:168,1
DA:169,1
DA:170,1
DA:171,1
DA:172,1
DA:173,1
DA:174,1
DA:175,1
DA:176,1
DA:177,1
DA:178,1
DA:179,1
DA:180,1
DA:181,1
DA:182,1
DA:183,1
DA:184,1
DA:185,1
DA:186,1
DA:187,1
DA:188,1
DA:189,1
DA:190,1
DA:191,1
DA:192,1
DA:193,1
DA:194,1
DA:195,1
DA:196,1
DA:197,1
DA:198,1
DA:199,1
DA:200,1
DA:201,1
DA:202,1
DA:203,1
DA:204,1
DA:205,1
DA:206,1
DA:207,1
DA:208,1
DA:209,1
DA:210,1
DA:211,1
DA:212,1
DA:213,1
DA:214,1
DA:215,1
DA:216,1
DA:217,1
DA:218,1
DA:219,1
DA:220,1
DA:221,1
DA:222,1
DA:223,1
DA:224,1
DA:225,1
DA:226,1
DA:227,1
DA:228,1
DA:229,1
DA:230,1
DA:231,1
DA:232,1
DA:233,1
DA:234,1
DA:235,1
DA:236,1
DA:237,1
DA:238,1
DA:239,1
DA:240,1
DA:241,1
DA:242,1
DA:243,1
DA:244,1
DA:245,1
DA:246,1
DA:247,1
DA:248,1
DA:249,1
DA:250,1
DA:251,1
DA:252,1
DA:253,1
DA:254,1
DA:255,1
DA:256,1
DA:257,1
DA:258,1
DA:259,1
DA:260,1
DA:261,1
DA:262,1
DA:263,1
DA:264,1
DA:265,1
DA:266,1
DA:267,1
DA:268,1
DA:269,1
DA:270,1
DA:271,1
DA:272,1
DA:273,1
DA:274,1
DA:275,1
DA:276,1
DA:277,1
DA:278,1
DA:279,1
DA:280,1
DA:281,1
DA:282,1
DA:283,1
DA:284,1
DA:285,1
DA:286,1
DA:287,1
DA:288,1
DA:289,1
DA:290,1
DA:291,1
DA:292,1
DA:293,1
DA:294,1
DA:295,1
DA:296,1
DA:297,1
DA:298,1
DA:299,1
DA:300,1
DA:301,1
DA:302,1
DA:303,1
DA:304,1
DA:305,1
DA:306,1
DA:307,1
DA:308,1
DA:309,1
DA:310,1
DA:311,1
DA:312,1
DA:313,1
DA:314,4
DA:315,4
DA:316,4
DA:317,4
DA:318,4
DA:319,4
DA:320,4
DA:321,4
DA:322,4
DA:323,4
DA:324,4
DA:325,1
DA:326,1
DA:327,1
DA:328,1
DA:329,1
DA:330,1
DA:331,1
DA:332,1
DA:333,1
DA:334,1
DA:335,1
DA:336,1
DA:337,1
DA:338,1
DA:339,1
DA:340,1
DA:341,1
DA:342,1
DA:343,1
DA:344,1
DA:345,1
DA:346,1
DA:347,1
DA:348,1
DA:349,1
DA:350,1
DA:351,1
DA:352,1
DA:353,1
DA:354,1
DA:355,1
DA:356,1
DA:357,1
DA:358,1
DA:359,1
DA:360,1
DA:361,1
DA:362,1
DA:363,1
DA:364,1
DA:365,1
DA:366,1
DA:367,1
DA:368,1
DA:369,1
DA:370,1
DA:371,1
DA:372,1
DA:373,1
DA:374,1
DA:375,1
DA:376,1
DA:377,1
DA:378,1
DA:379,1
DA:380,1
DA:381,1
DA:382,1
DA:383,1
DA:384,1
DA:385,1
DA:386,1
DA:387,1
DA:388,1
DA:389,0
DA:390,0
DA:391,0
DA:392,0
DA:393,0
DA:394,0
DA:395,0
DA:396,0
DA:397,0
DA:398,0
DA:399,0
DA:400,0
DA:401,0
DA:402,0
DA:403,0
DA:404,0
DA:405,0
DA:406,0
DA:407,0
DA:408,0
DA:409,0
DA:410,0
DA:411,0
DA:412,0
DA:413,0
DA:414,0
DA:415,0
DA:416,0
DA:417,0
DA:418,0
DA:419,0
DA:420,0
DA:421,0
DA:422,0
DA:423,0
DA:424,0
DA:425,0
DA:426,0
DA:427,0
DA:428,0
DA:429,0
DA:430,0
DA:431,0
DA:432,0
DA:433,0
DA:434,0
DA:435,1
DA:436,1
DA:437,1
DA:438,1
DA:439,0
DA:440,0
DA:441,0
DA:442,0
DA:443,0
DA:444,0
DA:445,0
DA:446,0
DA:447,0
DA:448,0
DA:449,0
DA:450,0
DA:451,0
DA:452,0
DA:453,0
DA:454,0
DA:455,0
DA:456,0
DA:457,0
DA:458,0
DA:459,0
DA:460,0
DA:461,0
DA:462,0
DA:463,0
DA:464,0
DA:465,0
DA:466,0
DA:467,0
DA:468,0
DA:469,0
DA:470,1
DA:471,1
DA:472,1
DA:473,1
DA:474,1
DA:475,1
DA:476,1
LF:476
LH:387
BRDA:37,0,0,1
BRDA:67,1,0,7
BRDA:101,2,0,7
BRDA:108,3,0,7
BRDA:109,4,0,0
BRDA:112,5,0,0
BRDA:243,6,0,0
BRDA:246,7,0,0
BRDA:267,8,0,0
BRDA:284,9,0,0
BRDA:291,10,0,0
BRDA:298,11,0,0
BRDA:388,12,0,0
BRDA:438,13,0,0
BRDA:44,14,0,1
BRDA:45,15,0,1
BRDA:53,16,0,0
BRDA:77,17,0,2
BRDA:78,18,0,0
BRDA:84,19,0,1
BRDA:86,20,0,0
BRDA:89,21,0,1
BRDA:91,22,0,0
BRDA:97,23,0,1
BRDA:111,24,0,7
BRDA:208,25,0,1
BRDA:209,26,0,1
BRDA:233,27,0,1
BRDA:234,28,0,0
BRDA:235,29,0,2
BRDA:285,30,0,1
BRDA:292,31,0,1
BRDA:299,32,0,1
BRDA:313,33,0,4
BRDA:319,34,0,2
BRF:35
BRH:20
end_of_record
TN:
SF:src\pages\Dashboard.jsx
FN:10,Dashboard
FN:40,fetchData
FNF:2
FNH:2
FNDA:2,Dashboard
FNDA:2,fetchData
DA:1,1
DA:2,1
DA:3,1
DA:4,1
DA:5,1
DA:6,1
DA:7,1
DA:8,1
DA:9,1
DA:10,2
DA:11,2
DA:12,2
DA:13,2
DA:14,2
DA:15,2
DA:16,2
DA:17,2
DA:18,2
DA:19,2
DA:20,2
DA:21,0
DA:22,0
DA:23,2
DA:24,2
DA:25,2
DA:26,2
DA:27,2
DA:28,2
DA:29,0
DA:30,0
DA:31,2
DA:32,0
DA:33,0
DA:34,0
DA:35,2
DA:36,2
DA:37,2
DA:38,2
DA:39,2
DA:40,2
DA:41,2
DA:42,2
DA:43,2
DA:44,2
DA:45,2
DA:46,2
DA:47,2
DA:48,2
DA:49,2
DA:50,2
DA:51,2
DA:52,2
DA:53,2
DA:54,2
DA:55,2
DA:56,2
DA:57,2
DA:58,2
DA:59,2
DA:60,0
DA:61,2
DA:62,2
DA:63,2
DA:64,2
DA:65,2
DA:66,2
DA:67,2
DA:68,2
DA:69,1
DA:70,1
DA:71,1
DA:72,1
DA:73,1
DA:74,1
DA:75,1
DA:76,2
DA:77,2
DA:78,2
DA:79,2
DA:80,2
DA:81,2
DA:82,2
DA:83,2
DA:84,2
DA:85,2
DA:86,2
DA:87,2
DA:88,4
DA:89,4
DA:90,4
DA:91,4
DA:92,4
DA:93,4
DA:94,4
DA:95,4
DA:96,2
DA:97,2
DA:98,2
DA:99,2
DA:100,2
DA:101,2
DA:102,2
DA:103,2
DA:104,2
DA:105,2
DA:106,2
DA:107,2
DA:108,2
DA:109,2
DA:110,2
DA:111,2
DA:112,2
DA:113,2
DA:114,2
DA:115,2
DA:116,2
DA:117,2
DA:118,2
DA:119,2
DA:120,1
DA:121,1
DA:122,1
DA:123,1
DA:124,1
DA:125,1
DA:126,1
DA:127,1
DA:128,1
DA:129,0
DA:130,0
DA:131,0
DA:132,0
DA:133,0
DA:134,0
DA:135,2
DA:136,2
DA:137,2
DA:138,2
DA:139,2
DA:140,2
DA:141,2
DA:142,2
DA:143,2
DA:144,2
DA:145,2
DA:146,2
DA:147,2
DA:148,2
DA:149,0
DA:150,0
DA:151,0
DA:152,0
DA:153,0
DA:154,0
DA:155,0
DA:156,0
DA:157,0
DA:158,0
DA:159,0
DA:160,0
DA:161,0
DA:162,0
DA:163,0
DA:164,1
DA:165,1
DA:166,1
DA:167,1
DA:168,1
DA:169,1
DA:170,2
DA:171,2
DA:172,2
DA:173,2
DA:174,2
DA:175,2
DA:176,2
DA:177,2
DA:178,2
DA:179,2
LF:179
LH:150
BRDA:10,0,0,2
BRDA:68,1,0,1
BRDA:83,2,0,1
BRDA:83,3,0,0
BRDA:84,4,0,1
BRDA:84,5,0,0
BRDA:85,6,0,1
BRDA:85,7,0,0
BRDA:86,8,0,1
BRDA:86,9,0,0
BRDA:119,10,0,1
BRDA:122,11,0,0
BRDA:122,12,0,0
BRDA:122,13,0,0
BRDA:128,14,0,0
BRDA:148,15,0,0
BRDA:163,16,0,1
BRDA:19,17,0,2
BRDA:20,18,0,0
BRDA:25,19,0,2
BRDA:28,20,0,0
BRDA:31,21,0,0
BRDA:39,22,0,2
BRDA:40,23,0,2
BRDA:47,24,0,1
BRDA:47,25,0,1
BRDA:48,26,0,0
BRDA:54,27,0,0
BRDA:58,28,0,0
BRDA:59,29,0,0
BRDA:87,30,0,4
BRF:31
BRH:15
end_of_record
TN:
SF:src\pages\DietPlanGenerate.jsx
FN:7,getRiskBadgeColor
FN:13,DietPlanGenerate
FN:24,fetchData
FN:41,toggleDoc
FN:45,handleGenerate
FN:73,onChange
FN:95,onChange
FNF:7
FNH:4
FNDA:0,getRiskBadgeColor
FNDA:1,DietPlanGenerate
FNDA:1,fetchData
FNDA:0,toggleDoc
FNDA:1,handleGenerate
FNDA:0,onChange
FNDA:1,onChange
DA:1,1
DA:2,1
DA:3,1
DA:4,1
DA:5,1
DA:6,1
DA:7,1
DA:8,0
DA:9,0
DA:10,0
DA:11,0
DA:12,1
DA:13,1
DA:14,1
DA:15,1
DA:16,1
DA:17,1
DA:18,1
DA:19,1
DA:20,1
DA:21,1
DA:22,1
DA:23,1
DA:24,1
DA:25,1
DA:26,1
DA:27,1
DA:28,1
DA:29,1
DA:30,1
DA:31,1
DA:32,1
DA:33,0
DA:34,1
DA:35,1
DA:36,1
DA:37,1
DA:38,1
DA:39,1
DA:40,1
DA:41,1
DA:42,0
DA:43,0
DA:44,1
DA:45,1
DA:46,1
DA:47,1
DA:48,1
DA:49,1
DA:50,1
DA:51,1
DA:52,0
DA:53,1
DA:54,1
DA:55,1
DA:56,1
DA:57,1
DA:58,1
DA:59,1
DA:60,1
DA:61,1
DA:62,1
DA:63,1
DA:64,1
DA:65,1
DA:66,1
DA:67,1
DA:68,1
DA:69,1
DA:70,1
DA:71,1
DA:72,1
DA:73,1
DA:74,1
DA:75,1
DA:76,1
DA:77,1
DA:78,1
DA:79,1
DA:80,1
DA:81,1
DA:82,1
DA:83,1
DA:84,1
DA:85,1
DA:86,1
DA:87,1
DA:88,1
DA:89,1
DA:90,1
DA:91,1
DA:92,1
DA:93,1
DA:94,1
DA:95,1
DA:96,1
DA:97,1
DA:98,1
DA:99,1
DA:100,1
DA:101,1
DA:102,1
DA:103,1
DA:104,1
DA:105,1
DA:106,1
DA:107,0
DA:108,0
DA:109,0
DA:110,0
DA:111,0
DA:112,1
DA:113,1
DA:114,1
DA:115,1
DA:116,1
DA:117,1
DA:118,1
DA:119,1
DA:120,0
DA:121,0
DA:122,0
DA:123,0
DA:124,0
DA:125,0
DA:126,0
DA:127,0
DA:128,0
DA:129,0
DA:130,0
DA:131,0
DA:132,0
DA:133,0
DA:134,0
DA:135,0
DA:136,0
DA:137,0
DA:138,0
DA:139,0
DA:140,0
DA:141,0
DA:142,0
DA:143,0
DA:144,0
DA:145,0
DA:146,1
DA:147,1
DA:148,1
DA:149,0
DA:150,0
DA:151,0
DA:152,0
DA:153,0
DA:154,0
DA:155,1
DA:156,1
DA:157,1
DA:158,0
DA:159,0
DA:160,0
DA:161,0
DA:162,0
DA:163,0
DA:164,1
DA:165,1
DA:166,1
DA:167,0
DA:168,0
DA:169,0
DA:170,0
DA:171,0
DA:172,0
DA:173,0
DA:174,0
DA:175,0
DA:176,0
DA:177,0
DA:178,0
DA:179,0
DA:180,1
DA:181,1
DA:182,1
DA:183,0
DA:184,0
DA:185,0
DA:186,0
DA:187,1
DA:188,1
DA:189,1
DA:190,1
DA:191,1
DA:192,1
DA:193,1
DA:194,1
DA:195,1
DA:196,0
DA:197,0
DA:198,0
DA:199,0
DA:200,0
DA:201,1
DA:202,1
DA:203,1
DA:204,1
DA:205,1
DA:206,1
DA:207,1
DA:208,1
DA:209,1
LF:209
LH:136
BRDA:13,0,0,1
BRDA:56,1,0,0
BRDA:79,2,0,0
BRDA:98,3,0,0
BRDA:100,4,0,0
BRDA:106,5,0,0
BRDA:117,6,0,0
BRDA:119,7,0,0
BRDA:148,8,0,0
BRDA:148,9,0,0
BRDA:157,10,0,0
BRDA:157,11,0,0
BRDA:166,12,0,0
BRDA:182,13,0,0
BRDA:182,14,0,0
BRDA:195,15,0,0
BRDA:23,16,0,1
BRDA:24,17,0,1
BRDA:31,18,0,0
BRDA:32,19,0,0
BRDA:45,20,0,1
BRDA:46,21,0,0
BRDA:49,22,0,0
BRDA:51,23,0,0
BRDA:71,24,0,1
BRDA:86,25,0,1
BRDA:95,26,0,1
BRF:27
BRH:7
end_of_record
TN:
SF:src\pages\DietPlanHistory.jsx
FN:8,DietPlanHistory
FNF:1
FNH:1
FNDA:1,DietPlanHistory
DA:1,1
DA:2,1
DA:3,1
DA:4,1
DA:5,1
DA:6,1
DA:7,1
DA:8,1
DA:9,1
DA:10,1
DA:11,1
DA:12,1
DA:13,1
DA:14,1
DA:15,1
DA:16,1
DA:17,1
DA:18,1
DA:19,1
DA:20,1
DA:21,1
DA:22,1
DA:23,1
DA:24,1
DA:25,1
DA:26,1
DA:27,1
DA:28,1
DA:29,1
DA:30,1
DA:31,1
DA:32,1
DA:33,1
DA:34,1
DA:35,1
DA:36,1
DA:37,1
DA:38,1
DA:39,1
DA:40,1
DA:41,1
DA:42,1
DA:43,1
DA:44,1
DA:45,1
DA:46,1
DA:47,1
DA:48,1
DA:49,1
DA:50,1
DA:51,1
DA:52,1
DA:53,1
DA:54,1
DA:55,1
DA:56,1
DA:57,1
DA:58,1
DA:59,1
DA:60,0
DA:61,0
DA:62,0
DA:63,0
DA:64,0
DA:65,0
DA:66,0
DA:67,0
DA:68,0
DA:69,1
DA:70,1
DA:71,1
DA:72,1
DA:73,1
DA:74,1
DA:75,1
LF:75
LH:66
BRDA:8,0,0,1
BRDA:16,1,0,0
BRDA:59,2,0,0
BRDA:12,3,0,1
BRDA:13,4,0,1
BRDA:13,5,0,1
BRDA:30,6,0,1
BRDA:35,7,0,0
BRF:8
BRH:5
end_of_record
TN:
SF:src\pages\Documents.jsx
FN:10,Documents
FN:41,handleUpload
FN:54,handleDelete
FN:62,handlePreview
FN:83,onChange
FN:111,onClick
FN:112,onClick
FN:125,onCancel
FNF:8
FNH:5
FNDA:1,Documents
FNDA:0,handleUpload
FNDA:0,handleDelete
FNDA:1,handlePreview
FNDA:1,onChange
FNDA:1,onClick
FNDA:1,onClick
FNDA:0,onCancel
DA:1,1
DA:2,1
DA:3,1
DA:4,1
DA:5,1
DA:6,1
DA:7,1
DA:8,1
DA:9,1
DA:10,1
DA:11,1
DA:12,1
DA:13,1
DA:14,1
DA:15,1
DA:16,1
DA:17,1
DA:18,1
DA:19,1
DA:20,1
DA:21,1
DA:22,1
DA:23,1
DA:24,1
DA:25,1
DA:26,1
DA:27,1
DA:28,1
DA:29,1
DA:30,0
DA:31,0
DA:32,0
DA:33,0
DA:34,0
DA:35,0
DA:36,0
DA:37,0
DA:38,0
DA:39,1
DA:40,1
DA:41,1
DA:42,0
DA:43,0
DA:44,0
DA:45,0
DA:46,0
DA:47,0
DA:48,0
DA:49,0
DA:50,0
DA:51,0
DA:52,0
DA:53,1
DA:54,1
DA:55,0
DA:56,0
DA:57,0
DA:58,0
DA:59,0
DA:60,0
DA:61,1
DA:62,1
DA:63,1
DA:64,1
DA:65,1
DA:66,1
DA:67,1
DA:68,1
DA:69,1
DA:70,1
DA:71,1
DA:72,1
DA:73,1
DA:74,1
DA:75,1
DA:76,1
DA:77,1
DA:78,1
DA:79,1
DA:80,1
DA:81,1
DA:82,1
DA:83,1
DA:84,1
DA:85,1
DA:86,1
DA:87,1
DA:88,1
DA:89,1
DA:90,1
DA:91,1
DA:92,1
DA:93,1
DA:94,1
DA:95,1
DA:96,1
DA:97,1
DA:98,1
DA:99,1
DA:100,1
DA:101,1
DA:102,0
DA:103,0
DA:104,0
DA:105,1
DA:106,1
DA:107,1
DA:108,1
DA:109,1
DA:110,1
DA:111,1
DA:112,1
DA:113,1
DA:114,1
DA:115,1
DA:116,1
DA:117,1
DA:118,0
DA:119,0
DA:120,1
DA:121,1
DA:122,1
DA:123,1
DA:124,1
DA:125,1
DA:126,1
DA:127,1
DA:128,1
LF:128
LH:97
BRDA:10,0,0,1
BRDA:69,1,0,0
BRDA:117,2,0,0
BRDA:17,3,0,1
BRDA:21,4,0,0
BRDA:24,5,0,1
BRDA:27,6,0,1
BRDA:29,7,0,0
BRDA:28,8,0,1
BRDA:62,9,0,1
BRDA:66,10,0,0
BRDA:83,11,0,1
BRDA:96,12,0,1
BRDA:100,13,0,0
BRDA:101,14,0,0
BRDA:101,15,0,0
BRDA:107,16,0,2
BRDA:111,17,0,1
BRDA:112,18,0,1
BRF:19
BRH:11
end_of_record
TN:
SF:src\pages\ForgotPassword.jsx
FN:5,ForgotPassword
FNF:1
FNH:1
FNDA:1,ForgotPassword
DA:1,1
DA:2,1
DA:3,1
DA:4,1
DA:5,1
DA:6,1
DA:7,1
DA:8,1
DA:9,1
DA:10,1
DA:11,1
DA:12,1
DA:13,1
DA:14,1
DA:15,1
DA:16,1
DA:17,1
DA:18,1
DA:19,1
DA:20,1
DA:21,1
DA:22,1
DA:23,1
DA:24,1
DA:25,1
DA:26,1
DA:27,1
DA:28,1
DA:29,1
DA:30,1
DA:31,1
DA:32,1
DA:33,1
DA:34,1
DA:35,1
LF:35
LH:35
BRDA:5,0,0,1
BRF:1
BRH:1
end_of_record
TN:
SF:src\pages\HealthTracker.jsx
FN:11,HealthTracker
FN:22,fetchData
FN:31,handleHealthSubmit
FN:47,handleMealSubmit
FN:79,onChange
FN:80,onChange
FN:81,onChange
FN:82,onChange
FN:83,onChange
FN:84,onChange
FN:85,onChange
FN:98,onChange
FN:99,onChange
FN:100,onChange
FN:101,onChange
FN:102,onChange
FNF:16
FNH:16
FNDA:1,HealthTracker
FNDA:2,fetchData
FNDA:1,handleHealthSubmit
FNDA:1,handleMealSubmit
FNDA:1,onChange
FNDA:1,onChange
FNDA:1,onChange
FNDA:1,onChange
FNDA:1,onChange
FNDA:1,onChange
FNDA:1,onChange
FNDA:1,onChange
FNDA:1,onChange
FNDA:1,onChange
FNDA:1,onChange
FNDA:1,onChange
DA:1,1
DA:2,1
DA:3,1
DA:4,1
DA:5,1
DA:6,1
DA:7,1
DA:8,1
DA:9,1
DA:10,1
DA:11,1
DA:12,1
DA:13,1
DA:14,1
DA:15,1
DA:16,1
DA:17,1
DA:18,1
DA:19,1
DA:20,1
DA:21,1
DA:22,1
DA:23,2
DA:24,2
DA:25,2
DA:26,2
DA:27,2
DA:28,2
DA:29,2
DA:30,1
DA:31,1
DA:32,1
DA:33,1
DA:34,1
DA:35,1
DA:36,1
DA:37,1
DA:38,1
DA:39,1
DA:40,1
DA:41,1
DA:42,1
DA:43,1
DA:44,1
DA:45,1
DA:46,1
DA:47,1
DA:48,1
DA:49,1
DA:50,1
DA:51,1
DA:52,1
DA:53,1
DA:54,1
DA:55,1
DA:56,1
DA:57,1
DA:58,1
DA:59,1
DA:60,1
DA:61,1
DA:62,1
DA:63,1
DA:64,1
DA:65,1
DA:66,1
DA:67,1
DA:68,1
DA:69,1
DA:70,1
DA:71,1
DA:72,1
DA:73,1
DA:74,1
DA:75,1
DA:76,1
DA:77,1
DA:78,1
DA:79,1
DA:80,1
DA:81,1
DA:82,1
DA:83,1
DA:84,1
DA:85,1
DA:86,1
DA:87,1
DA:88,1
DA:89,1
DA:90,1
DA:91,1
DA:92,1
DA:93,1
DA:94,1
DA:95,1
DA:96,1
DA:97,1
DA:98,1
DA:99,1
DA:100,1
DA:101,1
DA:102,1
DA:103,1
DA:104,1
DA:105,1
DA:106,1
DA:107,1
DA:108,1
DA:109,1
DA:110,1
DA:111,1
DA:112,0
DA:113,0
DA:114,0
DA:115,0
DA:116,0
DA:117,0
DA:118,0
DA:119,0
DA:120,0
DA:121,0
DA:122,0
DA:123,0
DA:124,0
DA:125,0
DA:126,0
DA:127,0
DA:128,0
DA:129,1
DA:130,1
DA:131,1
DA:132,1
DA:133,0
DA:134,0
DA:135,0
DA:136,0
DA:137,0
DA:138,0
DA:139,1
DA:140,1
DA:141,1
DA:142,1
DA:143,1
DA:144,1
DA:145,1
LF:145
LH:122
BRDA:11,0,0,1
BRDA:61,1,0,0
BRDA:87,2,0,0
BRDA:104,3,0,0
BRDA:111,4,0,0
BRDA:111,5,0,0
BRDA:132,6,0,0
BRDA:132,7,0,0
BRDA:18,8,0,1
BRDA:22,9,0,2
BRDA:28,10,0,0
BRDA:31,11,0,1
BRDA:36,12,0,0
BRDA:37,13,0,0
BRDA:38,14,0,0
BRDA:39,15,0,0
BRDA:40,16,0,0
BRDA:44,17,0,0
BRDA:47,18,0,1
BRDA:52,19,0,0
BRDA:56,20,0,0
BRDA:79,21,0,1
BRDA:80,22,0,1
BRDA:81,23,0,1
BRDA:82,24,0,1
BRDA:83,25,0,1
BRDA:84,26,0,1
BRDA:85,27,0,1
BRDA:98,28,0,1
BRDA:99,29,0,1
BRDA:100,30,0,1
BRDA:101,31,0,1
BRDA:102,32,0,1
BRF:33
BRH:17
end_of_record
TN:
SF:src\pages\Help.jsx
FN:16,Help
FN:31,onClick
FNF:2
FNH:2
FNDA:1,Help
FNDA:8,onClick
DA:1,1
DA:2,1
DA:3,1
DA:4,1
DA:5,1
DA:6,1
DA:7,1
DA:8,1
DA:9,1
DA:10,1
DA:11,1
DA:12,1
DA:13,1
DA:14,1
DA:15,1
DA:16,1
DA:17,1
DA:18,1
DA:19,1
DA:20,1
DA:21,1
DA:22,1
DA:23,1
DA:24,1
DA:25,1
DA:26,1
DA:27,1
DA:28,1
DA:29,8
DA:30,8
DA:31,8
DA:32,8
DA:33,8
DA:34,8
DA:35,8
DA:36,8
DA:37,1
DA:38,1
DA:39,1
DA:40,8
DA:41,8
DA:42,1
DA:43,1
DA:44,1
DA:45,1
DA:46,1
DA:47,1
DA:48,1
DA:49,1
DA:50,1
DA:51,1
DA:52,1
DA:53,1
DA:54,1
DA:55,1
DA:56,1
DA:57,1
LF:57
LH:57
BRDA:16,0,0,1
BRDA:28,1,0,8
BRDA:31,2,0,1
BRDA:31,3,0,7
BRDA:32,4,0,1
BRDA:32,5,0,7
BRDA:36,6,0,1
BRDA:31,7,0,8
BRDA:31,8,0,1
BRDA:31,9,0,7
BRF:10
BRH:10
end_of_record
TN:
SF:src\pages\Landing.jsx
FN:5,Landing
FN:7,handleScroll
FNF:2
FNH:1
FNDA:1,Landing
FNDA:0,handleScroll
DA:1,1
DA:2,1
DA:3,1
DA:4,1
DA:5,1
DA:6,1
DA:7,1
DA:8,0
DA:9,0
DA:10,0
DA:11,0
DA:12,0
DA:13,0
DA:14,0
DA:15,0
DA:16,0
DA:17,0
DA:18,1
DA:19,1
DA:20,1
DA:21,1
DA:22,0
DA:23,1
DA:24,1
DA:25,1
DA:26,1
DA:27,1
DA:28,1
DA:29,1
DA:30,1
DA:31,1
DA:32,1
DA:33,1
DA:34,1
DA:35,1
DA:36,1
DA:37,1
DA:38,1
DA:39,1
DA:40,1
DA:41,1
DA:42,1
DA:43,1
DA:44,1
DA:45,1
DA:46,1
DA:47,1
DA:48,1
DA:49,1
DA:50,1
DA:51,1
DA:52,1
DA:53,1
DA:54,1
DA:55,1
DA:56,1
DA:57,1
DA:58,1
DA:59,1
DA:60,1
DA:61,1
DA:62,1
DA:63,1
DA:64,1
DA:65,1
DA:66,1
DA:67,1
DA:68,1
DA:69,1
DA:70,1
DA:71,1
DA:72,1
DA:73,1
DA:74,1
DA:75,1
DA:76,1
DA:77,1
DA:78,1
DA:79,1
DA:80,1
DA:81,1
DA:82,1
DA:83,1
DA:84,1
DA:85,1
DA:86,1
DA:87,1
DA:88,1
DA:89,1
DA:90,1
DA:91,1
DA:92,1
DA:93,1
DA:94,1
DA:95,1
DA:96,1
DA:97,1
DA:98,1
DA:99,1
DA:100,1
DA:101,1
DA:102,1
DA:103,1
DA:104,1
DA:105,4
DA:106,4
DA:107,4
DA:108,4
DA:109,4
DA:110,4
DA:111,4
DA:112,1
DA:113,1
DA:114,1
DA:115,1
DA:116,1
DA:117,1
DA:118,1
DA:119,1
DA:120,1
DA:121,1
DA:122,1
DA:123,1
DA:124,1
DA:125,1
DA:126,1
DA:127,1
DA:128,1
DA:129,1
DA:130,3
DA:131,3
DA:132,3
DA:133,3
DA:134,3
DA:135,3
DA:136,3
DA:137,1
DA:138,1
DA:139,1
DA:140,1
DA:141,1
DA:142,1
DA:143,1
DA:144,1
DA:145,1
DA:146,1
DA:147,1
DA:148,1
DA:149,1
DA:150,1
DA:151,1
DA:152,1
DA:153,1
DA:154,1
DA:155,3
DA:156,3
DA:157,3
DA:158,3
DA:159,3
DA:160,3
DA:161,3
DA:162,1
DA:163,1
DA:164,1
DA:165,1
DA:166,1
DA:167,1
DA:168,1
DA:169,1
DA:170,1
DA:171,1
DA:172,1
DA:173,1
DA:174,1
DA:175,1
DA:176,1
DA:177,1
DA:178,1
DA:179,1
DA:180,1
DA:181,1
LF:181
LH:170
BRDA:5,0,0,1
BRDA:6,1,0,1
BRDA:21,2,0,0
BRDA:104,3,0,4
BRDA:129,4,0,3
BRDA:154,5,0,3
BRF:6
BRH:5
end_of_record
TN:
SF:src\pages\Login.jsx
FN:15,Login
FN:33,handleSubmit
FN:48,handleMicrosoft
FN:77,onChange
FN:83,onChange
FN:85,onClick
FNF:6
FNH:6
FNDA:1,Login
FNDA:1,handleSubmit
FNDA:1,handleMicrosoft
FNDA:1,onChange
FNDA:1,onChange
FNDA:1,onClick
DA:1,1
DA:2,1
DA:3,1
DA:4,1
DA:5,1
DA:6,1
DA:7,1
DA:8,1
DA:9,1
DA:10,1
DA:11,1
DA:12,1
DA:13,1
DA:14,1
DA:15,1
DA:16,1
DA:17,1
DA:18,1
DA:19,1
DA:20,1
DA:21,1
DA:22,1
DA:23,1
DA:24,1
DA:25,1
DA:26,1
DA:27,1
DA:28,0
DA:29,0
DA:30,1
DA:31,1
DA:32,1
DA:33,1
DA:34,1
DA:35,1
DA:36,1
DA:37,1
DA:38,1
DA:39,1
DA:40,1
DA:41,1
DA:42,0
DA:43,1
DA:44,1
DA:45,1
DA:46,1
DA:47,1
DA:48,1
DA:49,1
DA:50,1
DA:51,1
DA:52,1
DA:53,0
DA:54,0
DA:55,1
DA:56,1
DA:57,1
DA:58,1
DA:59,1
DA:60,1
DA:61,1
DA:62,1
DA:63,1
DA:64,1
DA:65,1
DA:66,1
DA:67,1
DA:68,1
DA:69,1
DA:70,0
DA:71,1
DA:72,1
DA:73,1
DA:74,1
DA:75,1
DA:76,1
DA:77,1
DA:78,1
DA:79,1
DA:80,1
DA:81,1
DA:82,1
DA:83,1
DA:84,1
DA:85,1
DA:86,1
DA:87,1
DA:88,1
DA:89,1
DA:90,1
DA:91,1
DA:92,1
DA:93,1
DA:94,1
DA:95,1
DA:96,1
DA:97,1
DA:98,1
DA:99,1
DA:100,1
DA:101,1
DA:102,1
DA:103,1
DA:104,1
DA:105,1
DA:106,1
DA:107,1
DA:108,1
DA:109,1
DA:110,1
DA:111,1
DA:112,1
DA:113,1
DA:114,1
DA:115,1
DA:116,1
LF:116
LH:110
BRDA:15,0,0,1
BRDA:69,1,0,0
BRDA:82,2,0,0
BRDA:86,3,0,0
BRDA:88,4,0,0
BRDA:96,5,0,0
BRDA:24,6,0,1
BRDA:27,7,0,0
BRDA:33,8,0,1
BRDA:41,9,0,0
BRDA:48,10,0,1
BRDA:52,11,0,0
BRDA:77,12,0,1
BRDA:83,13,0,1
BRDA:85,14,0,1
BRF:15
BRH:7
end_of_record
TN:
SF:src\pages\Notifications.jsx
FN:7,Notifications
FN:15,markRead
FN:40,__vite_ssr_import_0__.jsxDEV.onClick
FN:41,__vite_ssr_import_0__.jsxDEV.onKeyDown
FNF:4
FNH:4
FNDA:1,Notifications
FNDA:2,markRead
FNDA:1,__vite_ssr_import_0__.jsxDEV.onClick
FNDA:1,__vite_ssr_import_0__.jsxDEV.onKeyDown
DA:1,1
DA:2,1
DA:3,1
DA:4,1
DA:5,1
DA:6,1
DA:7,1
DA:8,1
DA:9,1
DA:10,1
DA:11,1
DA:12,1
DA:13,1
DA:14,1
DA:15,1
DA:16,2
DA:17,2
DA:18,2
DA:19,2
DA:20,2
DA:21,1
DA:22,1
DA:23,1
DA:24,1
DA:25,1
DA:26,1
DA:27,1
DA:28,1
DA:29,1
DA:30,1
DA:31,1
DA:32,1
DA:33,1
DA:34,1
DA:35,1
DA:36,1
DA:37,1
DA:38,1
DA:39,1
DA:40,1
DA:41,1
DA:42,1
DA:43,1
DA:44,1
DA:45,1
DA:46,1
DA:47,1
DA:48,1
DA:49,1
DA:50,1
DA:51,1
DA:52,1
DA:53,1
DA:54,1
DA:55,1
DA:56,1
DA:57,1
DA:58,1
DA:59,1
DA:60,1
DA:61,1
DA:62,1
DA:63,1
DA:64,1
DA:65,1
DA:66,0
DA:67,0
DA:68,0
DA:69,0
DA:70,0
DA:71,1
DA:72,1
DA:73,1
DA:74,1
DA:75,1
DA:76,1
DA:77,1
DA:78,1
LF:78
LH:73
BRDA:7,0,0,1
BRDA:24,1,0,0
BRDA:65,2,0,0
BRDA:11,3,0,1
BRDA:12,4,0,1
BRDA:12,5,0,0
BRDA:12,6,0,1
BRDA:15,7,0,2
BRDA:19,8,0,0
BRDA:34,9,0,1
BRDA:35,10,0,0
BRDA:39,11,0,0
BRDA:40,12,0,0
BRDA:41,13,0,0
BRDA:47,14,0,0
BRDA:48,15,0,0
BRDA:49,16,0,0
BRDA:59,17,0,0
BRDA:40,18,0,1
BRDA:41,19,0,1
BRDA:42,20,0,0
BRF:21
BRH:8
end_of_record
TN:
SF:src\pages\Profile.jsx
FN:25,Profile
FN:64,toggleCondition
FN:80,togglePreference
FN:87,handleProfileSave
FN:102,handleMedicalSave
FN:116,handleAddAllergy
FN:127,handleDeleteAllergy
FN:154,onChange
FN:155,onChange
FN:156,onChange
FN:157,onChange
FN:158,onChange
FN:159,onChange
FN:160,onChange
FN:190,onChange
FN:191,onChange
FN:192,onChange
FN:193,onChange
FN:194,onChange
FN:195,onChange
FN:196,onChange
FN:212,onClick
FN:235,onChange
FN:236,onChange
FN:239,onChange
FN:286,onChange
FN:305,onChange
FN:336,onChange
FNF:28
FNH:21
FNDA:1,Profile
FNDA:26,toggleCondition
FNDA:15,togglePreference
FNDA:1,handleProfileSave
FNDA:1,handleMedicalSave
FNDA:1,handleAddAllergy
FNDA:1,handleDeleteAllergy
FNDA:0,onChange
FNDA:0,onChange
FNDA:0,onChange
FNDA:0,onChange
FNDA:0,onChange
FNDA:0,onChange
FNDA:0,onChange
FNDA:1,onChange
FNDA:1,onChange
FNDA:1,onChange
FNDA:1,onChange
FNDA:1,onChange
FNDA:1,onChange
FNDA:1,onChange
FNDA:1,onClick
FNDA:1,onChange
FNDA:1,onChange
FNDA:1,onChange
FNDA:26,onChange
FNDA:1,onChange
FNDA:15,onChange
DA:1,1
DA:2,1
DA:3,1
DA:4,1
DA:5,1
DA:6,1
DA:7,1
DA:8,1
DA:9,1
DA:10,1
DA:11,1
DA:12,1
DA:13,1
DA:14,1
DA:15,1
DA:16,1
DA:17,1
DA:18,1
DA:19,1
DA:20,1
DA:21,1
DA:22,1
DA:23,1
DA:24,1
DA:25,1
DA:26,1
DA:27,1
DA:28,1
DA:29,1
DA:30,1
DA:31,1
DA:32,1
DA:33,1
DA:34,1
DA:35,1
DA:36,1
DA:37,1
DA:38,1
DA:39,1
DA:40,1
DA:41,1
DA:42,1
DA:43,1
DA:44,1
DA:45,1
DA:46,1
DA:47,1
DA:48,1
DA:49,0
DA:50,0
DA:51,1
DA:52,1
DA:53,1
DA:54,1
DA:55,1
DA:56,1
DA:57,1
DA:58,1
DA:59,1
DA:60,1
DA:61,1
DA:62,1
DA:63,1
DA:64,1
DA:65,26
DA:66,1
DA:67,26
DA:68,25
DA:69,0
DA:70,0
DA:71,0
DA:72,0
DA:73,25
DA:74,25
DA:75,26
DA:76,1
DA:77,1
DA:78,1
DA:79,1
DA:80,1
DA:81,15
DA:82,0
DA:83,15
DA:84,15
DA:85,1
DA:86,1
DA:87,1
DA:88,1
DA:89,1
DA:90,1
DA:91,1
DA:92,1
DA:93,1
DA:94,1
DA:95,1
DA:96,1
DA:97,1
DA:98,1
DA:99,1
DA:100,1
DA:101,1
DA:102,1
DA:103,1
DA:104,1
DA:105,1
DA:106,1
DA:107,1
DA:108,1
DA:109,1
DA:110,1
DA:111,1
DA:112,1
DA:113,1
DA:114,1
DA:115,1
DA:116,1
DA:117,1
DA:118,1
DA:119,1
DA:120,1
DA:121,1
DA:122,1
DA:123,1
DA:124,1
DA:125,1
DA:126,1
DA:127,1
DA:128,1
DA:129,1
DA:130,1
DA:131,1
DA:132,1
DA:133,1
DA:134,1
DA:135,1
DA:136,1
DA:137,1
DA:138,1
DA:139,1
DA:140,1
DA:141,1
DA:142,1
DA:143,1
DA:144,1
DA:145,1
DA:146,0
DA:147,0
DA:148,0
DA:149,0
DA:150,0
DA:151,0
DA:152,0
DA:153,0
DA:154,0
DA:155,0
DA:156,0
DA:157,0
DA:158,0
DA:159,0
DA:160,0
DA:161,0
DA:162,0
DA:163,0
DA:164,0
DA:165,0
DA:166,0
DA:167,0
DA:168,0
DA:169,0
DA:170,0
DA:171,0
DA:172,0
DA:173,0
DA:174,0
DA:175,0
DA:176,0
DA:177,0
DA:178,0
DA:179,0
DA:180,0
DA:181,1
DA:182,1
DA:183,1
DA:184,1
DA:185,1
DA:186,1
DA:187,1
DA:188,1
DA:189,1
DA:190,1
DA:191,1
DA:192,1
DA:193,1
DA:194,1
DA:195,1
DA:196,1
DA:197,1
DA:198,1
DA:199,1
DA:200,1
DA:201,1
DA:202,1
DA:203,1
DA:204,1
DA:205,1
DA:206,1
DA:207,1
DA:208,1
DA:209,1
DA:210,1
DA:211,1
DA:212,1
DA:213,1
DA:214,1
DA:215,1
DA:216,1
DA:217,1
DA:218,1
DA:219,1
DA:220,1
DA:221,1
DA:222,1
DA:223,1
DA:224,1
DA:225,1
DA:226,1
DA:227,1
DA:228,1
DA:229,1
DA:230,1
DA:231,1
DA:232,1
DA:233,1
DA:234,1
DA:235,1
DA:236,1
DA:237,1
DA:238,1
DA:239,1
DA:240,1
DA:241,1
DA:242,1
DA:243,1
DA:244,1
DA:245,1
DA:246,1
DA:247,1
DA:248,1
DA:249,1
DA:250,1
DA:251,1
DA:252,1
DA:253,1
DA:254,1
DA:255,1
DA:256,1
DA:257,1
DA:258,1
DA:259,1
DA:260,1
DA:261,1
DA:262,1
DA:263,1
DA:264,26
DA:265,26
DA:266,26
DA:267,26
DA:268,26
DA:269,26
DA:270,26
DA:271,26
DA:272,26
DA:273,26
DA:274,26
DA:275,26
DA:276,26
DA:277,26
DA:278,26
DA:279,26
DA:280,26
DA:281,26
DA:282,26
DA:283,26
DA:284,26
DA:285,26
DA:286,26
DA:287,26
DA:288,26
DA:289,26
DA:290,26
DA:291,26
DA:292,26
DA:293,26
DA:294,26
DA:295,26
DA:296,1
DA:297,1
DA:298,1
DA:299,1
DA:300,1
DA:301,1
DA:302,1
DA:303,1
DA:304,1
DA:305,1
DA:306,1
DA:307,1
DA:308,1
DA:309,1
DA:310,1
DA:311,1
DA:312,1
DA:313,1
DA:314,1
DA:315,1
DA:316,1
DA:317,15
DA:318,15
DA:319,15
DA:320,15
DA:321,15
DA:322,15
DA:323,15
DA:324,15
DA:325,15
DA:326,15
DA:327,15
DA:328,15
DA:329,15
DA:330,15
DA:331,15
DA:332,15
DA:333,15
DA:334,15
DA:335,15
DA:336,15
DA:337,15
DA:338,15
DA:339,15
DA:340,15
DA:341,15
DA:342,15
DA:343,15
DA:344,15
DA:345,15
DA:346,1
DA:347,1
DA:348,1
DA:349,1
DA:350,1
DA:351,1
DA:352,1
DA:353,1
DA:354,1
DA:355,1
DA:356,1
DA:357,1
DA:358,1
DA:359,1
DA:360,1
DA:361,1
DA:362,1
DA:363,1
LF:363
LH:321
BRDA:25,0,0,1
BRDA:135,1,0,0
BRDA:145,2,0,0
BRDA:190,3,0,0
BRDA:229,4,0,0
BRDA:250,5,0,0
BRDA:251,6,0,0
BRDA:352,7,0,0
BRDA:36,8,0,1
BRDA:37,9,0,1
BRDA:41,10,0,0
BRDA:48,11,0,0
BRDA:60,12,0,1
BRDA:64,13,0,26
BRDA:65,14,0,1
BRDA:67,15,0,25
BRDA:80,16,0,15
BRDA:87,17,0,1
BRDA:92,18,0,0
BRDA:93,19,0,0
BRDA:94,20,0,0
BRDA:99,21,0,0
BRDA:102,22,0,1
BRDA:113,23,0,0
BRDA:116,24,0,1
BRDA:118,25,0,0
BRDA:124,26,0,0
BRDA:127,27,0,1
BRDA:132,28,0,0
BRDA:190,29,0,1
BRDA:191,30,0,1
BRDA:192,31,0,1
BRDA:193,32,0,1
BRDA:193,33,0,8
BRDA:194,34,0,1
BRDA:195,35,0,1
BRDA:196,36,0,1
BRDA:206,37,0,1
BRDA:212,38,0,1
BRDA:235,39,0,1
BRDA:236,40,0,1
BRDA:239,41,0,1
BRDA:263,42,0,26
BRDA:269,43,0,1
BRDA:269,44,0,25
BRDA:269,45,0,25
BRDA:269,46,0,1
BRDA:274,47,0,25
BRDA:274,48,0,1
BRDA:275,49,0,1
BRDA:275,50,0,25
BRDA:276,51,0,25
BRDA:276,52,0,1
BRDA:287,53,0,1
BRDA:287,54,0,25
BRDA:287,55,0,1
BRDA:287,56,0,25
BRDA:289,57,0,25
BRDA:289,58,0,1
BRDA:286,59,0,26
BRDA:305,60,0,1
BRDA:316,61,0,15
BRDA:321,62,0,0
BRDA:327,63,0,0
BRDA:337,64,0,0
BRDA:337,65,0,0
BRDA:336,66,0,15
BRF:67
BRH:46
end_of_record
TN:
SF:src\pages\Register.jsx
FN:15,Register
FN:35,handleSubmit
FN:56,handleMicrosoft
FN:65,update
FN:94,onChange
FN:98,onChange
FN:102,onChange
FN:107,onChange
FN:109,onClick
FN:119,onChange
FN:121,onClick
FN:130,onChange
FN:134,onChange
FN:143,onChange
FNF:14
FNH:14
FNDA:1,Register
FNDA:1,handleSubmit
FNDA:1,handleMicrosoft
FNDA:8,update
FNDA:1,onChange
FNDA:1,onChange
FNDA:1,onChange
FNDA:1,onChange
FNDA:1,onClick
FNDA:1,onChange
FNDA:1,onClick
FNDA:1,onChange
FNDA:1,onChange
FNDA:1,onChange
DA:1,1
DA:2,1
DA:3,1
DA:4,1
DA:5,1
DA:6,1
DA:7,1
DA:8,1
DA:9,1
DA:10,1
DA:11,1
DA:12,1
DA:13,1
DA:14,1
DA:15,1
DA:16,1
DA:17,1
DA:18,1
DA:19,1
DA:20,1
DA:21,1
DA:22,1
DA:23,1
DA:24,1
DA:25,1
DA:26,1
DA:27,1
DA:28,1
DA:29,0
DA:30,0
DA:31,1
DA:32,1
DA:33,1
DA:34,1
DA:35,1
DA:36,1
DA:37,1
DA:38,1
DA:39,1
DA:40,1
DA:41,1
DA:42,1
DA:43,1
DA:44,1
DA:45,1
DA:46,1
DA:47,1
DA:48,1
DA:49,1
DA:50,0
DA:51,1
DA:52,1
DA:53,1
DA:54,1
DA:55,1
DA:56,1
DA:57,1
DA:58,1
DA:59,1
DA:60,1
DA:61,0
DA:62,0
DA:63,1
DA:64,1
DA:65,1
DA:66,1
DA:67,1
DA:68,1
DA:69,1
DA:70,1
DA:71,1
DA:72,1
DA:73,1
DA:74,1
DA:75,1
DA:76,1
DA:77,1
DA:78,1
DA:79,1
DA:80,0
DA:81,1
DA:82,1
DA:83,1
DA:84,1
DA:85,1
DA:86,1
DA:87,1
DA:88,1
DA:89,1
DA:90,1
DA:91,1
DA:92,1
DA:93,1
DA:94,1
DA:95,1
DA:96,1
DA:97,1
DA:98,1
DA:99,1
DA:100,1
DA:101,1
DA:102,1
DA:103,1
DA:104,1
DA:105,1
DA:106,1
DA:107,1
DA:108,1
DA:109,1
DA:110,1
DA:111,1
DA:112,1
DA:113,1
DA:114,1
DA:115,1
DA:116,1
DA:117,1
DA:118,1
DA:119,1
DA:120,1
DA:121,1
DA:122,1
DA:123,1
DA:124,1
DA:125,1
DA:126,1
DA:127,1
DA:128,1
DA:129,1
DA:130,1
DA:131,1
DA:132,1
DA:133,1
DA:134,1
DA:135,1
DA:136,1
DA:137,1
DA:138,1
DA:139,1
DA:140,1
DA:141,1
DA:142,1
DA:143,1
DA:144,1
DA:145,1
DA:146,1
DA:147,1
DA:148,1
DA:149,1
DA:150,1
DA:151,1
DA:152,1
DA:153,1
DA:154,1
DA:155,1
DA:156,1
DA:157,1
DA:158,1
DA:159,1
DA:160,1
LF:160
LH:154
BRDA:15,0,0,1
BRDA:79,1,0,0
BRDA:107,2,0,0
BRDA:110,3,0,0
BRDA:112,4,0,0
BRDA:119,5,0,0
BRDA:122,6,0,0
BRDA:124,7,0,0
BRDA:147,8,0,0
BRDA:25,9,0,1
BRDA:28,10,0,0
BRDA:35,11,0,1
BRDA:42,12,0,0
BRDA:43,13,0,0
BRDA:44,14,0,0
BRDA:49,15,0,0
BRDA:56,16,0,1
BRDA:60,17,0,0
BRDA:65,18,0,8
BRDA:94,19,0,1
BRDA:98,20,0,1
BRDA:102,21,0,1
BRDA:107,22,0,1
BRDA:109,23,0,1
BRDA:119,24,0,1
BRDA:121,25,0,1
BRDA:130,26,0,1
BRDA:134,27,0,1
BRDA:143,28,0,1
BRF:29
BRH:15
end_of_record
TN:
SF:src\pages\SystemHealth.jsx
FN:7,SystemHealth
FN:11,fetchHealth
FN:22,statusColor
FN:27,statusIcon
FN:40,onClick
FNF:5
FNH:5
FNDA:1,SystemHealth
FNDA:2,fetchHealth
FNDA:4,statusColor
FNDA:2,statusIcon
FNDA:1,onClick
DA:1,1
DA:2,1
DA:3,1
DA:4,1
DA:5,1
DA:6,1
DA:7,1
DA:8,1
DA:9,1
DA:10,1
DA:11,1
DA:12,2
DA:13,2
DA:14,2
DA:15,2
DA:16,2
DA:17,1
DA:18,1
DA:19,1
DA:20,1
DA:21,1
DA:22,1
DA:23,4
DA:24,0
DA:25,0
DA:26,4
DA:27,1
DA:28,2
DA:29,0
DA:30,0
DA:31,2
DA:32,1
DA:33,1
DA:34,1
DA:35,1
DA:36,1
DA:37,1
DA:38,1
DA:39,1
DA:40,1
DA:41,1
DA:42,1
DA:43,1
DA:44,1
DA:45,1
DA:46,1
DA:47,1
DA:48,1
DA:49,1
DA:50,1
DA:51,1
DA:52,1
DA:53,1
DA:54,1
DA:55,1
DA:56,1
DA:57,1
DA:58,1
DA:59,1
DA:60,1
DA:61,1
DA:62,1
DA:63,1
DA:64,1
DA:65,1
DA:66,1
DA:67,1
DA:68,1
DA:69,1
DA:70,1
DA:71,1
DA:72,1
DA:73,1
DA:74,1
DA:75,1
LF:75
LH:71
BRDA:7,0,0,1
BRDA:20,1,0,0
BRDA:51,2,0,0
BRDA:11,3,0,2
BRDA:15,4,0,0
BRDA:18,5,0,1
BRDA:22,6,0,4
BRDA:23,7,0,0
BRDA:27,8,0,2
BRDA:28,9,0,0
BRDA:40,10,0,1
BRDA:51,11,0,1
BRDA:63,12,0,0
BRF:13
BRH:7
end_of_record
